[2026-04-14T00:09:36.521+0000] {local_task_job_runner.py:120} INFO - ::group::Pre task execution logs
[2026-04-14T00:09:36.529+0000] {taskinstance.py:2076} INFO - Dependencies all met for dep_context=non-requeueable deps ti=<TaskInstance: fraud_detection_retraining.train_model scheduled__2026-04-13T00:00:00+00:00 [queued]>
[2026-04-14T00:09:36.532+0000] {taskinstance.py:2076} INFO - Dependencies all met for dep_context=requeueable deps ti=<TaskInstance: fraud_detection_retraining.train_model scheduled__2026-04-13T00:00:00+00:00 [queued]>
[2026-04-14T00:09:36.532+0000] {taskinstance.py:2306} INFO - Starting attempt 2 of 3
[2026-04-14T00:09:36.537+0000] {taskinstance.py:2330} INFO - Executing <Task(PythonOperator): train_model> on 2026-04-13 00:00:00+00:00
[2026-04-14T00:09:36.539+0000] {standard_task_runner.py:64} INFO - Started process 935 to run task
[2026-04-14T00:09:36.540+0000] {standard_task_runner.py:90} INFO - Running: ['airflow', 'tasks', 'run', 'fraud_detection_retraining', 'train_model', 'scheduled__2026-04-13T00:00:00+00:00', '--job-id', '71', '--raw', '--subdir', 'DAGS_FOLDER/retraining_dag.py', '--cfg-path', '/tmp/tmp2zxl8ou0']
[2026-04-14T00:09:36.541+0000] {standard_task_runner.py:91} INFO - Job 71: Subtask train_model
[2026-04-14T00:09:36.556+0000] {task_command.py:426} INFO - Running <TaskInstance: fraud_detection_retraining.train_model scheduled__2026-04-13T00:00:00+00:00 [running]> on host 348a71135ada
[2026-04-14T00:09:36.577+0000] {taskinstance.py:2648} INFO - Exporting env vars: AIRFLOW_CTX_DAG_OWNER='madhumitha' AIRFLOW_CTX_DAG_ID='fraud_detection_retraining' AIRFLOW_CTX_TASK_ID='train_model' AIRFLOW_CTX_EXECUTION_DATE='2026-04-13T00:00:00+00:00' AIRFLOW_CTX_TRY_NUMBER='2' AIRFLOW_CTX_DAG_RUN_ID='scheduled__2026-04-13T00:00:00+00:00'
[2026-04-14T00:09:36.578+0000] {taskinstance.py:430} INFO - ::endgroup::
[2026-04-14T00:09:47.814+0000] {logging_mixin.py:188} INFO - {"model_version": "baseline_candidate", "auc_pr": 0.07732905482987562, "promoted": false, "event": "training_complete", "timestamp": "2026-04-14T00:09:47.470835Z", "level": "info"}
Validation metrics:
{
  "precision": 0.032448377581120944,
  "recall": 0.2972972972972973,
  "f1": 0.05851063829787234,
  "auc_roc": 0.740125251990096,
  "auc_pr": 0.03751947121176657,
  "threshold": 0.5,
  "tn": 41991,
  "fp": 656,
  "fn": 52,
  "tp": 22
}

Test metrics:
{
  "precision": 0.033823529411764704,
  "recall": 0.3108108108108108,
  "f1": 0.0610079575596817,
  "auc_roc": 0.7154237453548089,
  "auc_pr": 0.07732905482987562,
  "threshold": 0.5,
  "tn": 41991,
  "fp": 657,
  "fn": 51,
  "tp": 23
}
🏃 View run xgboost-baseline at: http://mlflow:5000/#/experiments/1/runs/f7061ccf1f62434a9d90d2bb6da9818b
🧪 View experiment at: http://mlflow:5000/#/experiments/1
[2026-04-14T00:09:47.815+0000] {logging_mixin.py:188} INFO - Registry cache expired, so refreshing
Registry cache expired, so refreshing
2026/04/14 00:09:41 WARNING mlflow.utils.git_utils: Failed to import Git (the Git executable is probably not on your PATH), so Git SHA is not available. Error: Failed to initialize: Bad git executable.
The git executable must be specified in one of the following ways:
    - be included in your $PATH
    - be set via $GIT_PYTHON_GIT_EXECUTABLE
    - explicitly set via git.refresh(<full-path-to-git-executable>)

All git commands will error until this is rectified.

This initial message can be silenced or aggravated in the future by setting the
$GIT_PYTHON_REFRESH environment variable. Use one of the following values:
    - quiet|q|silence|s|silent|none|n|0: for no message or exception
    - warn|w|warning|log|l|1: for a warning message (logging level CRITICAL, displayed by default)
    - error|e|exception|raise|r|2: for a raised exception

Example:
    export GIT_PYTHON_REFRESH=quiet

/home/airflow/.local/lib/python3.12/site-packages/mlflow/types/utils.py:440: UserWarning: Hint: Inferred schema contains integer column(s). Integer columns in Python cannot represent missing values. If your input data contains missing values at inference time, it will be encoded as floats and will cause a schema enforcement error. The best way to avoid this problem is to infer the model schema based on a realistic data sample (training dataset) that includes missing values. Alternatively, you can declare integer columns as doubles (float64) whenever these columns may have missing values. See `Handling Integers With Missing Values <https://www.mlflow.org/docs/latest/models.html#handling-integers-with-missing-values>`_ for more details.
  warnings.warn(
2026/04/14 00:09:44 WARNING mlflow.models.model: `artifact_path` is deprecated. Please use `name` instead.
[2026-04-14T00:09:47.815+0000] {python.py:237} INFO - Done. Returned value was: None
[2026-04-14T00:09:47.816+0000] {taskinstance.py:441} INFO - ::group::Post task execution logs
[2026-04-14T00:09:47.820+0000] {taskinstance.py:1206} INFO - Marking task as SUCCESS. dag_id=fraud_detection_retraining, task_id=train_model, run_id=scheduled__2026-04-13T00:00:00+00:00, execution_date=20260413T000000, start_date=20260414T000936, end_date=20260414T000947
[2026-04-14T00:09:47.836+0000] {local_task_job_runner.py:243} INFO - Task exited with return code 0
[2026-04-14T00:09:47.850+0000] {taskinstance.py:3503} INFO - 1 downstream tasks scheduled from follow-on schedule check
[2026-04-14T00:09:47.851+0000] {local_task_job_runner.py:222} INFO - ::endgroup::
