[2026-04-15T16:52:41.908+0000] {local_task_job_runner.py:120} INFO - ::group::Pre task execution logs
[2026-04-15T16:52:41.916+0000] {taskinstance.py:2076} INFO - Dependencies all met for dep_context=non-requeueable deps ti=<TaskInstance: fraud_detection_retraining.engineer_features scheduled__2026-04-14T00:00:00+00:00 [queued]>
[2026-04-15T16:52:41.919+0000] {taskinstance.py:2076} INFO - Dependencies all met for dep_context=requeueable deps ti=<TaskInstance: fraud_detection_retraining.engineer_features scheduled__2026-04-14T00:00:00+00:00 [queued]>
[2026-04-15T16:52:41.919+0000] {taskinstance.py:2306} INFO - Starting attempt 1 of 3
[2026-04-15T16:52:41.924+0000] {taskinstance.py:2330} INFO - Executing <Task(PythonOperator): engineer_features> on 2026-04-14 00:00:00+00:00
[2026-04-15T16:52:41.925+0000] {standard_task_runner.py:64} INFO - Started process 109 to run task
[2026-04-15T16:52:41.926+0000] {standard_task_runner.py:90} INFO - Running: ['airflow', 'tasks', 'run', 'fraud_detection_retraining', 'engineer_features', 'scheduled__2026-04-14T00:00:00+00:00', '--job-id', '107', '--raw', '--subdir', 'DAGS_FOLDER/retraining_dag.py', '--cfg-path', '/tmp/tmpn0o09foz']
[2026-04-15T16:52:41.926+0000] {standard_task_runner.py:91} INFO - Job 107: Subtask engineer_features
[2026-04-15T16:52:41.942+0000] {task_command.py:426} INFO - Running <TaskInstance: fraud_detection_retraining.engineer_features scheduled__2026-04-14T00:00:00+00:00 [running]> on host 348a71135ada
[2026-04-15T16:52:41.972+0000] {taskinstance.py:2648} INFO - Exporting env vars: AIRFLOW_CTX_DAG_OWNER='madhumitha' AIRFLOW_CTX_DAG_ID='fraud_detection_retraining' AIRFLOW_CTX_TASK_ID='engineer_features' AIRFLOW_CTX_EXECUTION_DATE='2026-04-14T00:00:00+00:00' AIRFLOW_CTX_TRY_NUMBER='1' AIRFLOW_CTX_DAG_RUN_ID='scheduled__2026-04-14T00:00:00+00:00'
[2026-04-15T16:52:41.972+0000] {taskinstance.py:430} INFO - ::endgroup::
[2026-04-15T16:52:43.999+0000] {logging_mixin.py:188} INFO - Saved features to data/processed/transactions_features.parquet with shape=(284807, 45)
[2026-04-15T16:52:46.135+0000] {logging_mixin.py:188} INFO - Feast repo loaded successfully
[2026-04-15T16:52:59.838+0000] {logging_mixin.py:188} INFO - No project found in the repository. Using project name fraud_detection defined in feature_store.yaml
Applying changes for project fraud_detection
Deploying infrastructure for transaction_features
Materializing 1 feature views from 2020-01-01 00:00:00+00:00 to 2030-01-01 00:00:00+00:00 into the redis online store.

transaction_features:
[2026-04-15T16:52:59.842+0000] {logging_mixin.py:188} INFO - /opt/project/src/feature_engineering/feature_store/entities.py:3: DeprecationWarning: Entity value_type will be mandatory in the next release. Please specify a value_type for entity 'transaction_id'.
  transaction = Entity(
[2026-04-15T16:52:59.843+0000] {python.py:237} INFO - Done. Returned value was: None
[2026-04-15T16:52:59.844+0000] {taskinstance.py:441} INFO - ::group::Post task execution logs
[2026-04-15T16:52:59.856+0000] {taskinstance.py:1206} INFO - Marking task as SUCCESS. dag_id=fraud_detection_retraining, task_id=engineer_features, run_id=scheduled__2026-04-14T00:00:00+00:00, execution_date=20260414T000000, start_date=20260415T165241, end_date=20260415T165259
[2026-04-15T16:52:59.884+0000] {local_task_job_runner.py:243} INFO - Task exited with return code 0
[2026-04-15T16:52:59.898+0000] {taskinstance.py:3503} INFO - 1 downstream tasks scheduled from follow-on schedule check
[2026-04-15T16:52:59.899+0000] {local_task_job_runner.py:222} INFO - ::endgroup::
