[2026-04-13T21:23:35.664+0000] {local_task_job_runner.py:120} INFO - ::group::Pre task execution logs
[2026-04-13T21:23:35.673+0000] {taskinstance.py:2076} INFO - Dependencies all met for dep_context=non-requeueable deps ti=<TaskInstance: fraud_detection_retraining.engineer_features integration-1776115408 [queued]>
[2026-04-13T21:23:35.675+0000] {taskinstance.py:2076} INFO - Dependencies all met for dep_context=requeueable deps ti=<TaskInstance: fraud_detection_retraining.engineer_features integration-1776115408 [queued]>
[2026-04-13T21:23:35.675+0000] {taskinstance.py:2306} INFO - Starting attempt 1 of 3
[2026-04-13T21:23:35.680+0000] {taskinstance.py:2330} INFO - Executing <Task(PythonOperator): engineer_features> on 2026-04-13 21:23:29.070245+00:00
[2026-04-13T21:23:35.681+0000] {standard_task_runner.py:64} INFO - Started process 141 to run task
[2026-04-13T21:23:35.682+0000] {standard_task_runner.py:90} INFO - Running: ['airflow', 'tasks', 'run', 'fraud_detection_retraining', 'engineer_features', 'integration-1776115408', '--job-id', '41', '--raw', '--subdir', 'DAGS_FOLDER/retraining_dag.py', '--cfg-path', '/tmp/tmpkuj7ar14']
[2026-04-13T21:23:35.683+0000] {standard_task_runner.py:91} INFO - Job 41: Subtask engineer_features
[2026-04-13T21:23:35.701+0000] {task_command.py:426} INFO - Running <TaskInstance: fraud_detection_retraining.engineer_features integration-1776115408 [running]> on host cb9297326049
[2026-04-13T21:23:35.722+0000] {taskinstance.py:2648} INFO - Exporting env vars: AIRFLOW_CTX_DAG_OWNER='madhumitha' AIRFLOW_CTX_DAG_ID='fraud_detection_retraining' AIRFLOW_CTX_TASK_ID='engineer_features' AIRFLOW_CTX_EXECUTION_DATE='2026-04-13T21:23:29.070245+00:00' AIRFLOW_CTX_TRY_NUMBER='1' AIRFLOW_CTX_DAG_RUN_ID='integration-1776115408'
[2026-04-13T21:23:35.722+0000] {taskinstance.py:430} INFO - ::endgroup::
[2026-04-13T21:23:37.624+0000] {logging_mixin.py:188} INFO - Saved features to data/processed/transactions_features.parquet with shape=(284807, 45)
[2026-04-13T21:23:39.552+0000] {logging_mixin.py:188} INFO - Feast repo loaded successfully
[2026-04-13T21:23:51.767+0000] {logging_mixin.py:188} INFO - No project found in the repository. Using project name fraud_detection defined in feature_store.yaml
Applying changes for project fraud_detection
Deploying infrastructure for transaction_features
Materializing 1 feature views from 2020-01-01 00:00:00+00:00 to 2030-01-01 00:00:00+00:00 into the redis online store.

transaction_features:
[2026-04-13T21:23:51.767+0000] {logging_mixin.py:188} INFO - /opt/project/src/feature_engineering/feature_store/entities.py:3: DeprecationWarning: Entity value_type will be mandatory in the next release. Please specify a value_type for entity 'transaction_id'.
  transaction = Entity(
[2026-04-13T21:23:51.768+0000] {python.py:237} INFO - Done. Returned value was: None
[2026-04-13T21:23:51.768+0000] {taskinstance.py:441} INFO - ::group::Post task execution logs
[2026-04-13T21:23:51.772+0000] {taskinstance.py:1206} INFO - Marking task as SUCCESS. dag_id=fraud_detection_retraining, task_id=engineer_features, run_id=integration-1776115408, execution_date=20260413T212329, start_date=20260413T212335, end_date=20260413T212351
[2026-04-13T21:23:51.788+0000] {local_task_job_runner.py:243} INFO - Task exited with return code 0
[2026-04-13T21:23:51.797+0000] {taskinstance.py:3503} INFO - 1 downstream tasks scheduled from follow-on schedule check
[2026-04-13T21:23:51.798+0000] {local_task_job_runner.py:222} INFO - ::endgroup::
