[2026-03-25T19:24:40.827+0000] {manager.py:470} INFO - Processing files using up to 1 processes at a time 
[2026-03-25T19:24:40.828+0000] {manager.py:471} INFO - Process each file at most once every 30 seconds
[2026-03-25T19:24:40.828+0000] {manager.py:472} INFO - Checking for new files in /opt/airflow/dags every 300 seconds
[2026-03-25T19:24:40.828+0000] {manager.py:737} INFO - Searching for files in /opt/airflow/dags
[2026-03-25T19:24:40.830+0000] {manager.py:740} INFO - There are 1 files in /opt/airflow/dags
[2026-03-25T19:24:41.074+0000] {manager.py:878} INFO - 
================================================================================
DAG File Processing Stats

File Path                            PID    Runtime      # DAGs    # Errors  Last Runtime    Last Run
-----------------------------------  -----  ---------  --------  ----------  --------------  -------------------
/opt/airflow/dags/retraining_dag.py                           1           0  0.21s           2026-03-25T19:24:41
================================================================================
[2026-03-25T19:25:11.330+0000] {manager.py:878} INFO - 
================================================================================
DAG File Processing Stats

File Path                            PID    Runtime      # DAGs    # Errors  Last Runtime    Last Run
-----------------------------------  -----  ---------  --------  ----------  --------------  -------------------
/opt/airflow/dags/retraining_dag.py                           1           0  0.11s           2026-03-25T19:25:11
================================================================================
[2026-03-25T19:25:41.727+0000] {manager.py:878} INFO - 
================================================================================
DAG File Processing Stats

File Path                            PID    Runtime      # DAGs    # Errors  Last Runtime    Last Run
-----------------------------------  -----  ---------  --------  ----------  --------------  -------------------
/opt/airflow/dags/retraining_dag.py                           1           0  0.11s           2026-03-25T19:25:41
================================================================================
[2026-03-25T19:26:12.164+0000] {manager.py:878} INFO - 
================================================================================
DAG File Processing Stats

File Path                            PID    Runtime      # DAGs    # Errors  Last Runtime    Last Run
-----------------------------------  -----  ---------  --------  ----------  --------------  -------------------
/opt/airflow/dags/retraining_dag.py                           1           0  0.11s           2026-03-25T19:26:12
================================================================================
[2026-03-25T19:26:42.324+0000] {manager.py:878} INFO - 
================================================================================
DAG File Processing Stats

File Path                            PID    Runtime      # DAGs    # Errors  Last Runtime    Last Run
-----------------------------------  -----  ---------  --------  ----------  --------------  -------------------
/opt/airflow/dags/retraining_dag.py                           1           0  0.11s           2026-03-25T19:26:42
================================================================================
[2026-03-25T19:27:12.469+0000] {manager.py:878} INFO - 
================================================================================
DAG File Processing Stats

File Path                            PID    Runtime      # DAGs    # Errors  Last Runtime    Last Run
-----------------------------------  -----  ---------  --------  ----------  --------------  -------------------
/opt/airflow/dags/retraining_dag.py                           1           0  0.11s           2026-03-25T19:27:12
================================================================================
[2026-03-25T19:27:43.270+0000] {manager.py:878} INFO - 
================================================================================
DAG File Processing Stats

File Path                            PID    Runtime      # DAGs    # Errors  Last Runtime    Last Run
-----------------------------------  -----  ---------  --------  ----------  --------------  -------------------
/opt/airflow/dags/retraining_dag.py                           1           0  0.11s           2026-03-25T19:27:43
================================================================================
[2026-03-25T19:28:13.676+0000] {manager.py:878} INFO - 
================================================================================
DAG File Processing Stats

File Path                            PID    Runtime      # DAGs    # Errors  Last Runtime    Last Run
-----------------------------------  -----  ---------  --------  ----------  --------------  -------------------
/opt/airflow/dags/retraining_dag.py                           1           0  0.12s           2026-03-25T19:28:13
================================================================================
[2026-03-25T19:28:44.123+0000] {manager.py:878} INFO - 
================================================================================
DAG File Processing Stats

File Path                            PID    Runtime      # DAGs    # Errors  Last Runtime    Last Run
-----------------------------------  -----  ---------  --------  ----------  --------------  -------------------
/opt/airflow/dags/retraining_dag.py                           1           0  0.12s           2026-03-25T19:28:44
================================================================================
[2026-03-25T19:29:14.562+0000] {manager.py:878} INFO - 
================================================================================
DAG File Processing Stats

File Path                            PID    Runtime      # DAGs    # Errors  Last Runtime    Last Run
-----------------------------------  -----  ---------  --------  ----------  --------------  -------------------
/opt/airflow/dags/retraining_dag.py                           1           0  0.11s           2026-03-25T19:29:14
================================================================================
[2026-03-25T19:29:40.837+0000] {manager.py:737} INFO - Searching for files in /opt/airflow/dags
[2026-03-25T19:29:40.844+0000] {manager.py:740} INFO - There are 1 files in /opt/airflow/dags
[2026-03-25T19:29:44.979+0000] {manager.py:878} INFO - 
================================================================================
DAG File Processing Stats

File Path                            PID    Runtime      # DAGs    # Errors  Last Runtime    Last Run
-----------------------------------  -----  ---------  --------  ----------  --------------  -------------------
/opt/airflow/dags/retraining_dag.py                           1           0  0.11s           2026-03-25T19:29:44
================================================================================
[2026-03-25T19:30:15.169+0000] {manager.py:878} INFO - 
================================================================================
DAG File Processing Stats

File Path                            PID    Runtime      # DAGs    # Errors  Last Runtime    Last Run
-----------------------------------  -----  ---------  --------  ----------  --------------  -------------------
/opt/airflow/dags/retraining_dag.py                           1           0  0.12s           2026-03-25T19:30:15
================================================================================
