[2026-04-13T20:40:55.792+0000] {local_task_job_runner.py:120} INFO - ::group::Pre task execution logs
[2026-04-13T20:40:55.800+0000] {taskinstance.py:2076} INFO - Dependencies all met for dep_context=non-requeueable deps ti=<TaskInstance: fraud_detection_retraining.engineer_features integration-1776112848 [queued]>
[2026-04-13T20:40:55.802+0000] {taskinstance.py:2076} INFO - Dependencies all met for dep_context=requeueable deps ti=<TaskInstance: fraud_detection_retraining.engineer_features integration-1776112848 [queued]>
[2026-04-13T20:40:55.802+0000] {taskinstance.py:2306} INFO - Starting attempt 1 of 3
[2026-04-13T20:40:55.809+0000] {taskinstance.py:2330} INFO - Executing <Task(PythonOperator): engineer_features> on 2026-04-13 20:40:48.461224+00:00
[2026-04-13T20:40:55.810+0000] {standard_task_runner.py:64} INFO - Started process 109 to run task
[2026-04-13T20:40:55.811+0000] {standard_task_runner.py:90} INFO - Running: ['airflow', 'tasks', 'run', 'fraud_detection_retraining', 'engineer_features', 'integration-1776112848', '--job-id', '29', '--raw', '--subdir', 'DAGS_FOLDER/retraining_dag.py', '--cfg-path', '/tmp/tmpjnmqfq8a']
[2026-04-13T20:40:55.812+0000] {standard_task_runner.py:91} INFO - Job 29: Subtask engineer_features
[2026-04-13T20:40:55.826+0000] {task_command.py:426} INFO - Running <TaskInstance: fraud_detection_retraining.engineer_features integration-1776112848 [running]> on host 6c264cbb7d0b
[2026-04-13T20:40:55.847+0000] {taskinstance.py:2648} INFO - Exporting env vars: AIRFLOW_CTX_DAG_OWNER='madhumitha' AIRFLOW_CTX_DAG_ID='fraud_detection_retraining' AIRFLOW_CTX_TASK_ID='engineer_features' AIRFLOW_CTX_EXECUTION_DATE='2026-04-13T20:40:48.461224+00:00' AIRFLOW_CTX_TRY_NUMBER='1' AIRFLOW_CTX_DAG_RUN_ID='integration-1776112848'
[2026-04-13T20:40:55.847+0000] {taskinstance.py:430} INFO - ::endgroup::
[2026-04-13T20:40:57.773+0000] {logging_mixin.py:188} INFO - Saved features to data/processed/transactions_features.parquet with shape=(284807, 45)
[2026-04-13T20:40:59.683+0000] {logging_mixin.py:188} INFO - Feast repo loaded successfully
[2026-04-13T20:41:17.459+0000] {logging_mixin.py:188} INFO - No project found in the repository. Using project name fraud_detection defined in feature_store.yaml
Applying changes for project fraud_detection
Deploying infrastructure for transaction_features
Materializing 1 feature views from 2020-01-01 00:00:00+00:00 to 2030-01-01 00:00:00+00:00 into the redis online store.

transaction_features:
[2026-04-13T20:41:17.465+0000] {logging_mixin.py:188} INFO - /opt/project/src/feature_engineering/feature_store/entities.py:3: DeprecationWarning: Entity value_type will be mandatory in the next release. Please specify a value_type for entity 'transaction_id'.
  transaction = Entity(
[2026-04-13T20:41:17.466+0000] {python.py:237} INFO - Done. Returned value was: None
[2026-04-13T20:41:17.469+0000] {taskinstance.py:441} INFO - ::group::Post task execution logs
[2026-04-13T20:41:17.481+0000] {taskinstance.py:1206} INFO - Marking task as SUCCESS. dag_id=fraud_detection_retraining, task_id=engineer_features, run_id=integration-1776112848, execution_date=20260413T204048, start_date=20260413T204055, end_date=20260413T204117
[2026-04-13T20:41:17.503+0000] {local_task_job_runner.py:243} INFO - Task exited with return code 0
[2026-04-13T20:41:17.527+0000] {taskinstance.py:3503} INFO - 1 downstream tasks scheduled from follow-on schedule check
[2026-04-13T20:41:17.528+0000] {local_task_job_runner.py:222} INFO - ::endgroup::
