[2026-04-14T00:12:58.255+0000] {local_task_job_runner.py:120} INFO - ::group::Pre task execution logs
[2026-04-14T00:12:58.264+0000] {taskinstance.py:2076} INFO - Dependencies all met for dep_context=non-requeueable deps ti=<TaskInstance: fraud_detection_retraining.engineer_features integration-1776125571 [queued]>
[2026-04-14T00:12:58.266+0000] {taskinstance.py:2076} INFO - Dependencies all met for dep_context=requeueable deps ti=<TaskInstance: fraud_detection_retraining.engineer_features integration-1776125571 [queued]>
[2026-04-14T00:12:58.266+0000] {taskinstance.py:2306} INFO - Starting attempt 1 of 3
[2026-04-14T00:12:58.272+0000] {taskinstance.py:2330} INFO - Executing <Task(PythonOperator): engineer_features> on 2026-04-14 00:12:51.911617+00:00
[2026-04-14T00:12:58.274+0000] {standard_task_runner.py:64} INFO - Started process 1926 to run task
[2026-04-14T00:12:58.275+0000] {standard_task_runner.py:90} INFO - Running: ['airflow', 'tasks', 'run', 'fraud_detection_retraining', 'engineer_features', 'integration-1776125571', '--job-id', '87', '--raw', '--subdir', 'DAGS_FOLDER/retraining_dag.py', '--cfg-path', '/tmp/tmpsq_nkgb3']
[2026-04-14T00:12:58.276+0000] {standard_task_runner.py:91} INFO - Job 87: Subtask engineer_features
[2026-04-14T00:12:58.301+0000] {task_command.py:426} INFO - Running <TaskInstance: fraud_detection_retraining.engineer_features integration-1776125571 [running]> on host 348a71135ada
[2026-04-14T00:12:58.325+0000] {taskinstance.py:2648} INFO - Exporting env vars: AIRFLOW_CTX_DAG_OWNER='madhumitha' AIRFLOW_CTX_DAG_ID='fraud_detection_retraining' AIRFLOW_CTX_TASK_ID='engineer_features' AIRFLOW_CTX_EXECUTION_DATE='2026-04-14T00:12:51.911617+00:00' AIRFLOW_CTX_TRY_NUMBER='1' AIRFLOW_CTX_DAG_RUN_ID='integration-1776125571'
[2026-04-14T00:12:58.326+0000] {taskinstance.py:430} INFO - ::endgroup::
[2026-04-14T00:13:00.362+0000] {logging_mixin.py:188} INFO - Saved features to data/processed/transactions_features.parquet with shape=(284807, 45)
[2026-04-14T00:13:02.274+0000] {logging_mixin.py:188} INFO - Feast repo loaded successfully
[2026-04-14T00:13:15.091+0000] {logging_mixin.py:188} INFO - No project found in the repository. Using project name fraud_detection defined in feature_store.yaml
Applying changes for project fraud_detection
Deploying infrastructure for transaction_features
Materializing 1 feature views from 2020-01-01 00:00:00+00:00 to 2030-01-01 00:00:00+00:00 into the redis online store.

transaction_features:
[2026-04-14T00:13:15.093+0000] {logging_mixin.py:188} INFO - /opt/project/src/feature_engineering/feature_store/entities.py:3: DeprecationWarning: Entity value_type will be mandatory in the next release. Please specify a value_type for entity 'transaction_id'.
  transaction = Entity(
[2026-04-14T00:13:15.093+0000] {python.py:237} INFO - Done. Returned value was: None
[2026-04-14T00:13:15.096+0000] {taskinstance.py:441} INFO - ::group::Post task execution logs
[2026-04-14T00:13:15.107+0000] {taskinstance.py:1206} INFO - Marking task as SUCCESS. dag_id=fraud_detection_retraining, task_id=engineer_features, run_id=integration-1776125571, execution_date=20260414T001251, start_date=20260414T001258, end_date=20260414T001315
[2026-04-14T00:13:15.145+0000] {local_task_job_runner.py:243} INFO - Task exited with return code 0
[2026-04-14T00:13:15.157+0000] {taskinstance.py:3503} INFO - 1 downstream tasks scheduled from follow-on schedule check
[2026-04-14T00:13:15.158+0000] {local_task_job_runner.py:222} INFO - ::endgroup::
