[2026-04-14T00:00:05.797+0000] {processor.py:161} INFO - Started process (PID=358) to work on /opt/airflow/dags/retraining_dag.py
[2026-04-14T00:00:05.797+0000] {processor.py:830} INFO - Processing file /opt/airflow/dags/retraining_dag.py for tasks to queue
[2026-04-14T00:00:05.798+0000] {logging_mixin.py:188} INFO - [2026-04-14T00:00:05.797+0000] {dagbag.py:545} INFO - Filling up the DagBag from /opt/airflow/dags/retraining_dag.py
[2026-04-14T00:00:05.801+0000] {processor.py:840} INFO - DAG(s) 'fraud_detection_retraining' retrieved from /opt/airflow/dags/retraining_dag.py
[2026-04-14T00:00:05.812+0000] {logging_mixin.py:188} INFO - [2026-04-14T00:00:05.812+0000] {dag.py:3089} INFO - Sync 1 DAGs
[2026-04-14T00:00:05.818+0000] {logging_mixin.py:188} INFO - [2026-04-14T00:00:05.818+0000] {dag.py:3947} INFO - Setting next_dagrun for fraud_detection_retraining to 2026-04-14 00:00:00+00:00, run_after=2026-04-15 00:00:00+00:00
[2026-04-14T00:00:05.826+0000] {processor.py:183} INFO - Processing /opt/airflow/dags/retraining_dag.py took 0.032 seconds
[2026-04-14T00:04:34.099+0000] {processor.py:161} INFO - Started process (PID=516) to work on /opt/airflow/dags/retraining_dag.py
[2026-04-14T00:04:34.099+0000] {processor.py:830} INFO - Processing file /opt/airflow/dags/retraining_dag.py for tasks to queue
[2026-04-14T00:04:34.100+0000] {logging_mixin.py:188} INFO - [2026-04-14T00:04:34.100+0000] {dagbag.py:545} INFO - Filling up the DagBag from /opt/airflow/dags/retraining_dag.py
[2026-04-14T00:04:34.110+0000] {processor.py:840} INFO - DAG(s) 'fraud_detection_retraining' retrieved from /opt/airflow/dags/retraining_dag.py
[2026-04-14T00:04:34.125+0000] {logging_mixin.py:188} INFO - [2026-04-14T00:04:34.125+0000] {dag.py:3089} INFO - Sync 1 DAGs
[2026-04-14T00:04:34.135+0000] {logging_mixin.py:188} INFO - [2026-04-14T00:04:34.135+0000] {dag.py:3947} INFO - Setting next_dagrun for fraud_detection_retraining to 2026-04-14 00:00:00+00:00, run_after=2026-04-15 00:00:00+00:00
[2026-04-14T00:04:34.147+0000] {processor.py:183} INFO - Processing /opt/airflow/dags/retraining_dag.py took 0.051 seconds
[2026-04-14T00:08:54.982+0000] {processor.py:161} INFO - Started process (PID=613) to work on /opt/airflow/dags/retraining_dag.py
[2026-04-14T00:08:54.983+0000] {processor.py:830} INFO - Processing file /opt/airflow/dags/retraining_dag.py for tasks to queue
[2026-04-14T00:08:54.983+0000] {logging_mixin.py:188} INFO - [2026-04-14T00:08:54.983+0000] {dagbag.py:545} INFO - Filling up the DagBag from /opt/airflow/dags/retraining_dag.py
[2026-04-14T00:08:54.986+0000] {processor.py:840} INFO - DAG(s) 'fraud_detection_retraining' retrieved from /opt/airflow/dags/retraining_dag.py
[2026-04-14T00:08:54.998+0000] {logging_mixin.py:188} INFO - [2026-04-14T00:08:54.998+0000] {dag.py:3089} INFO - Sync 1 DAGs
[2026-04-14T00:08:55.004+0000] {logging_mixin.py:188} INFO - [2026-04-14T00:08:55.004+0000] {dag.py:3947} INFO - Setting next_dagrun for fraud_detection_retraining to 2026-04-14 00:00:00+00:00, run_after=2026-04-15 00:00:00+00:00
[2026-04-14T00:08:55.015+0000] {processor.py:183} INFO - Processing /opt/airflow/dags/retraining_dag.py took 0.035 seconds
[2026-04-14T00:09:35.431+0000] {processor.py:161} INFO - Started process (PID=924) to work on /opt/airflow/dags/retraining_dag.py
[2026-04-14T00:09:35.432+0000] {processor.py:830} INFO - Processing file /opt/airflow/dags/retraining_dag.py for tasks to queue
[2026-04-14T00:09:35.433+0000] {logging_mixin.py:188} INFO - [2026-04-14T00:09:35.432+0000] {dagbag.py:545} INFO - Filling up the DagBag from /opt/airflow/dags/retraining_dag.py
[2026-04-14T00:09:35.442+0000] {processor.py:840} INFO - DAG(s) 'fraud_detection_retraining' retrieved from /opt/airflow/dags/retraining_dag.py
[2026-04-14T00:09:35.468+0000] {logging_mixin.py:188} INFO - [2026-04-14T00:09:35.468+0000] {dag.py:3089} INFO - Sync 1 DAGs
[2026-04-14T00:09:35.489+0000] {logging_mixin.py:188} INFO - [2026-04-14T00:09:35.489+0000] {dag.py:3947} INFO - Setting next_dagrun for fraud_detection_retraining to 2026-04-14 00:00:00+00:00, run_after=2026-04-15 00:00:00+00:00
[2026-04-14T00:09:35.506+0000] {processor.py:183} INFO - Processing /opt/airflow/dags/retraining_dag.py took 0.078 seconds
[2026-04-14T00:10:17.413+0000] {processor.py:161} INFO - Started process (PID=1284) to work on /opt/airflow/dags/retraining_dag.py
[2026-04-14T00:10:17.413+0000] {processor.py:830} INFO - Processing file /opt/airflow/dags/retraining_dag.py for tasks to queue
[2026-04-14T00:10:17.414+0000] {logging_mixin.py:188} INFO - [2026-04-14T00:10:17.414+0000] {dagbag.py:545} INFO - Filling up the DagBag from /opt/airflow/dags/retraining_dag.py
[2026-04-14T00:10:17.419+0000] {processor.py:840} INFO - DAG(s) 'fraud_detection_retraining' retrieved from /opt/airflow/dags/retraining_dag.py
[2026-04-14T00:10:17.430+0000] {logging_mixin.py:188} INFO - [2026-04-14T00:10:17.430+0000] {dag.py:3089} INFO - Sync 1 DAGs
[2026-04-14T00:10:17.437+0000] {logging_mixin.py:188} INFO - [2026-04-14T00:10:17.437+0000] {dag.py:3947} INFO - Setting next_dagrun for fraud_detection_retraining to 2026-04-14 00:00:00+00:00, run_after=2026-04-15 00:00:00+00:00
[2026-04-14T00:10:17.451+0000] {processor.py:183} INFO - Processing /opt/airflow/dags/retraining_dag.py took 0.040 seconds
[2026-04-14T00:10:47.617+0000] {processor.py:161} INFO - Started process (PID=1465) to work on /opt/airflow/dags/retraining_dag.py
[2026-04-14T00:10:47.618+0000] {processor.py:830} INFO - Processing file /opt/airflow/dags/retraining_dag.py for tasks to queue
[2026-04-14T00:10:47.618+0000] {logging_mixin.py:188} INFO - [2026-04-14T00:10:47.618+0000] {dagbag.py:545} INFO - Filling up the DagBag from /opt/airflow/dags/retraining_dag.py
[2026-04-14T00:10:47.622+0000] {processor.py:840} INFO - DAG(s) 'fraud_detection_retraining' retrieved from /opt/airflow/dags/retraining_dag.py
[2026-04-14T00:10:47.642+0000] {logging_mixin.py:188} INFO - [2026-04-14T00:10:47.642+0000] {dag.py:3089} INFO - Sync 1 DAGs
[2026-04-14T00:10:47.653+0000] {logging_mixin.py:188} INFO - [2026-04-14T00:10:47.653+0000] {dag.py:3947} INFO - Setting next_dagrun for fraud_detection_retraining to 2026-04-14 00:00:00+00:00, run_after=2026-04-15 00:00:00+00:00
[2026-04-14T00:10:47.683+0000] {processor.py:183} INFO - Processing /opt/airflow/dags/retraining_dag.py took 0.068 seconds
[2026-04-14T00:11:17.887+0000] {processor.py:161} INFO - Started process (PID=1466) to work on /opt/airflow/dags/retraining_dag.py
[2026-04-14T00:11:17.889+0000] {processor.py:830} INFO - Processing file /opt/airflow/dags/retraining_dag.py for tasks to queue
[2026-04-14T00:11:17.890+0000] {logging_mixin.py:188} INFO - [2026-04-14T00:11:17.890+0000] {dagbag.py:545} INFO - Filling up the DagBag from /opt/airflow/dags/retraining_dag.py
[2026-04-14T00:11:17.903+0000] {processor.py:840} INFO - DAG(s) 'fraud_detection_retraining' retrieved from /opt/airflow/dags/retraining_dag.py
[2026-04-14T00:11:17.930+0000] {logging_mixin.py:188} INFO - [2026-04-14T00:11:17.930+0000] {dag.py:3089} INFO - Sync 1 DAGs
[2026-04-14T00:11:17.941+0000] {logging_mixin.py:188} INFO - [2026-04-14T00:11:17.941+0000] {dag.py:3947} INFO - Setting next_dagrun for fraud_detection_retraining to 2026-04-14 00:00:00+00:00, run_after=2026-04-15 00:00:00+00:00
[2026-04-14T00:11:17.955+0000] {processor.py:183} INFO - Processing /opt/airflow/dags/retraining_dag.py took 0.079 seconds
[2026-04-14T00:12:05.835+0000] {processor.py:161} INFO - Started process (PID=1617) to work on /opt/airflow/dags/retraining_dag.py
[2026-04-14T00:12:05.835+0000] {processor.py:830} INFO - Processing file /opt/airflow/dags/retraining_dag.py for tasks to queue
[2026-04-14T00:12:05.836+0000] {logging_mixin.py:188} INFO - [2026-04-14T00:12:05.835+0000] {dagbag.py:545} INFO - Filling up the DagBag from /opt/airflow/dags/retraining_dag.py
[2026-04-14T00:12:05.840+0000] {processor.py:840} INFO - DAG(s) 'fraud_detection_retraining' retrieved from /opt/airflow/dags/retraining_dag.py
[2026-04-14T00:12:05.862+0000] {logging_mixin.py:188} INFO - [2026-04-14T00:12:05.862+0000] {dag.py:3089} INFO - Sync 1 DAGs
[2026-04-14T00:12:05.869+0000] {logging_mixin.py:188} INFO - [2026-04-14T00:12:05.869+0000] {dag.py:3947} INFO - Setting next_dagrun for fraud_detection_retraining to 2026-04-14 00:00:00+00:00, run_after=2026-04-15 00:00:00+00:00
[2026-04-14T00:12:05.877+0000] {processor.py:183} INFO - Processing /opt/airflow/dags/retraining_dag.py took 0.049 seconds
[2026-04-14T00:12:36.188+0000] {processor.py:161} INFO - Started process (PID=1872) to work on /opt/airflow/dags/retraining_dag.py
[2026-04-14T00:12:36.188+0000] {processor.py:830} INFO - Processing file /opt/airflow/dags/retraining_dag.py for tasks to queue
[2026-04-14T00:12:36.189+0000] {logging_mixin.py:188} INFO - [2026-04-14T00:12:36.189+0000] {dagbag.py:545} INFO - Filling up the DagBag from /opt/airflow/dags/retraining_dag.py
[2026-04-14T00:12:36.192+0000] {processor.py:840} INFO - DAG(s) 'fraud_detection_retraining' retrieved from /opt/airflow/dags/retraining_dag.py
[2026-04-14T00:12:36.203+0000] {logging_mixin.py:188} INFO - [2026-04-14T00:12:36.203+0000] {dag.py:3089} INFO - Sync 1 DAGs
[2026-04-14T00:12:36.210+0000] {logging_mixin.py:188} INFO - [2026-04-14T00:12:36.210+0000] {dag.py:3947} INFO - Setting next_dagrun for fraud_detection_retraining to 2026-04-14 00:00:00+00:00, run_after=2026-04-15 00:00:00+00:00
[2026-04-14T00:12:36.218+0000] {processor.py:183} INFO - Processing /opt/airflow/dags/retraining_dag.py took 0.033 seconds
[2026-04-14T00:13:15.482+0000] {processor.py:161} INFO - Started process (PID=2039) to work on /opt/airflow/dags/retraining_dag.py
[2026-04-14T00:13:15.483+0000] {processor.py:830} INFO - Processing file /opt/airflow/dags/retraining_dag.py for tasks to queue
[2026-04-14T00:13:15.483+0000] {logging_mixin.py:188} INFO - [2026-04-14T00:13:15.483+0000] {dagbag.py:545} INFO - Filling up the DagBag from /opt/airflow/dags/retraining_dag.py
[2026-04-14T00:13:15.488+0000] {processor.py:840} INFO - DAG(s) 'fraud_detection_retraining' retrieved from /opt/airflow/dags/retraining_dag.py
[2026-04-14T00:13:15.515+0000] {logging_mixin.py:188} INFO - [2026-04-14T00:13:15.514+0000] {dag.py:3089} INFO - Sync 1 DAGs
[2026-04-14T00:13:15.523+0000] {logging_mixin.py:188} INFO - [2026-04-14T00:13:15.523+0000] {dag.py:3947} INFO - Setting next_dagrun for fraud_detection_retraining to 2026-04-14 00:00:00+00:00, run_after=2026-04-15 00:00:00+00:00
[2026-04-14T00:13:15.532+0000] {processor.py:183} INFO - Processing /opt/airflow/dags/retraining_dag.py took 0.057 seconds
[2026-04-14T00:13:46.155+0000] {processor.py:161} INFO - Started process (PID=2305) to work on /opt/airflow/dags/retraining_dag.py
[2026-04-14T00:13:46.156+0000] {processor.py:830} INFO - Processing file /opt/airflow/dags/retraining_dag.py for tasks to queue
[2026-04-14T00:13:46.156+0000] {logging_mixin.py:188} INFO - [2026-04-14T00:13:46.156+0000] {dagbag.py:545} INFO - Filling up the DagBag from /opt/airflow/dags/retraining_dag.py
[2026-04-14T00:13:46.159+0000] {processor.py:840} INFO - DAG(s) 'fraud_detection_retraining' retrieved from /opt/airflow/dags/retraining_dag.py
[2026-04-14T00:13:46.170+0000] {logging_mixin.py:188} INFO - [2026-04-14T00:13:46.170+0000] {dag.py:3089} INFO - Sync 1 DAGs
[2026-04-14T00:13:46.176+0000] {logging_mixin.py:188} INFO - [2026-04-14T00:13:46.176+0000] {dag.py:3947} INFO - Setting next_dagrun for fraud_detection_retraining to 2026-04-14 00:00:00+00:00, run_after=2026-04-15 00:00:00+00:00
[2026-04-14T00:13:46.185+0000] {processor.py:183} INFO - Processing /opt/airflow/dags/retraining_dag.py took 0.032 seconds
[2026-04-14T00:14:16.572+0000] {processor.py:161} INFO - Started process (PID=2306) to work on /opt/airflow/dags/retraining_dag.py
[2026-04-14T00:14:16.574+0000] {processor.py:830} INFO - Processing file /opt/airflow/dags/retraining_dag.py for tasks to queue
[2026-04-14T00:14:16.576+0000] {logging_mixin.py:188} INFO - [2026-04-14T00:14:16.575+0000] {dagbag.py:545} INFO - Filling up the DagBag from /opt/airflow/dags/retraining_dag.py
[2026-04-14T00:14:16.590+0000] {processor.py:840} INFO - DAG(s) 'fraud_detection_retraining' retrieved from /opt/airflow/dags/retraining_dag.py
[2026-04-14T00:14:16.620+0000] {logging_mixin.py:188} INFO - [2026-04-14T00:14:16.620+0000] {dag.py:3089} INFO - Sync 1 DAGs
[2026-04-14T00:14:16.633+0000] {logging_mixin.py:188} INFO - [2026-04-14T00:14:16.633+0000] {dag.py:3947} INFO - Setting next_dagrun for fraud_detection_retraining to 2026-04-14 00:00:00+00:00, run_after=2026-04-15 00:00:00+00:00
[2026-04-14T00:14:16.648+0000] {processor.py:183} INFO - Processing /opt/airflow/dags/retraining_dag.py took 0.088 seconds
[2026-04-14T00:14:47.663+0000] {processor.py:161} INFO - Started process (PID=2307) to work on /opt/airflow/dags/retraining_dag.py
[2026-04-14T00:14:47.664+0000] {processor.py:830} INFO - Processing file /opt/airflow/dags/retraining_dag.py for tasks to queue
[2026-04-14T00:14:47.665+0000] {logging_mixin.py:188} INFO - [2026-04-14T00:14:47.665+0000] {dagbag.py:545} INFO - Filling up the DagBag from /opt/airflow/dags/retraining_dag.py
[2026-04-14T00:14:47.680+0000] {processor.py:840} INFO - DAG(s) 'fraud_detection_retraining' retrieved from /opt/airflow/dags/retraining_dag.py
[2026-04-14T00:14:47.707+0000] {logging_mixin.py:188} INFO - [2026-04-14T00:14:47.707+0000] {dag.py:3089} INFO - Sync 1 DAGs
[2026-04-14T00:14:47.719+0000] {logging_mixin.py:188} INFO - [2026-04-14T00:14:47.719+0000] {dag.py:3947} INFO - Setting next_dagrun for fraud_detection_retraining to 2026-04-14 00:00:00+00:00, run_after=2026-04-15 00:00:00+00:00
[2026-04-14T00:14:47.730+0000] {processor.py:183} INFO - Processing /opt/airflow/dags/retraining_dag.py took 0.078 seconds
[2026-04-14T00:15:31.116+0000] {processor.py:161} INFO - Started process (PID=2459) to work on /opt/airflow/dags/retraining_dag.py
[2026-04-14T00:15:31.117+0000] {processor.py:830} INFO - Processing file /opt/airflow/dags/retraining_dag.py for tasks to queue
[2026-04-14T00:15:31.117+0000] {logging_mixin.py:188} INFO - [2026-04-14T00:15:31.117+0000] {dagbag.py:545} INFO - Filling up the DagBag from /opt/airflow/dags/retraining_dag.py
[2026-04-14T00:15:31.122+0000] {processor.py:840} INFO - DAG(s) 'fraud_detection_retraining' retrieved from /opt/airflow/dags/retraining_dag.py
[2026-04-14T00:15:31.148+0000] {logging_mixin.py:188} INFO - [2026-04-14T00:15:31.148+0000] {dag.py:3089} INFO - Sync 1 DAGs
[2026-04-14T00:15:31.155+0000] {logging_mixin.py:188} INFO - [2026-04-14T00:15:31.155+0000] {dag.py:3947} INFO - Setting next_dagrun for fraud_detection_retraining to 2026-04-14 00:00:00+00:00, run_after=2026-04-15 00:00:00+00:00
[2026-04-14T00:15:31.166+0000] {processor.py:183} INFO - Processing /opt/airflow/dags/retraining_dag.py took 0.055 seconds
[2026-04-14T00:16:01.494+0000] {processor.py:161} INFO - Started process (PID=2714) to work on /opt/airflow/dags/retraining_dag.py
[2026-04-14T00:16:01.494+0000] {processor.py:830} INFO - Processing file /opt/airflow/dags/retraining_dag.py for tasks to queue
[2026-04-14T00:16:01.494+0000] {logging_mixin.py:188} INFO - [2026-04-14T00:16:01.494+0000] {dagbag.py:545} INFO - Filling up the DagBag from /opt/airflow/dags/retraining_dag.py
[2026-04-14T00:16:01.499+0000] {processor.py:840} INFO - DAG(s) 'fraud_detection_retraining' retrieved from /opt/airflow/dags/retraining_dag.py
[2026-04-14T00:16:01.511+0000] {logging_mixin.py:188} INFO - [2026-04-14T00:16:01.511+0000] {dag.py:3089} INFO - Sync 1 DAGs
[2026-04-14T00:16:01.517+0000] {logging_mixin.py:188} INFO - [2026-04-14T00:16:01.517+0000] {dag.py:3947} INFO - Setting next_dagrun for fraud_detection_retraining to 2026-04-14 00:00:00+00:00, run_after=2026-04-15 00:00:00+00:00
[2026-04-14T00:16:01.526+0000] {processor.py:183} INFO - Processing /opt/airflow/dags/retraining_dag.py took 0.036 seconds
[2026-04-14T00:16:41.623+0000] {processor.py:161} INFO - Started process (PID=2877) to work on /opt/airflow/dags/retraining_dag.py
[2026-04-14T00:16:41.623+0000] {processor.py:830} INFO - Processing file /opt/airflow/dags/retraining_dag.py for tasks to queue
[2026-04-14T00:16:41.624+0000] {logging_mixin.py:188} INFO - [2026-04-14T00:16:41.624+0000] {dagbag.py:545} INFO - Filling up the DagBag from /opt/airflow/dags/retraining_dag.py
[2026-04-14T00:16:41.629+0000] {processor.py:840} INFO - DAG(s) 'fraud_detection_retraining' retrieved from /opt/airflow/dags/retraining_dag.py
[2026-04-14T00:16:41.656+0000] {logging_mixin.py:188} INFO - [2026-04-14T00:16:41.656+0000] {dag.py:3089} INFO - Sync 1 DAGs
[2026-04-14T00:16:41.664+0000] {logging_mixin.py:188} INFO - [2026-04-14T00:16:41.664+0000] {dag.py:3947} INFO - Setting next_dagrun for fraud_detection_retraining to 2026-04-14 00:00:00+00:00, run_after=2026-04-15 00:00:00+00:00
[2026-04-14T00:16:41.673+0000] {processor.py:183} INFO - Processing /opt/airflow/dags/retraining_dag.py took 0.056 seconds
[2026-04-14T00:17:12.365+0000] {processor.py:161} INFO - Started process (PID=3131) to work on /opt/airflow/dags/retraining_dag.py
[2026-04-14T00:17:12.366+0000] {processor.py:830} INFO - Processing file /opt/airflow/dags/retraining_dag.py for tasks to queue
[2026-04-14T00:17:12.367+0000] {logging_mixin.py:188} INFO - [2026-04-14T00:17:12.366+0000] {dagbag.py:545} INFO - Filling up the DagBag from /opt/airflow/dags/retraining_dag.py
[2026-04-14T00:17:12.370+0000] {processor.py:840} INFO - DAG(s) 'fraud_detection_retraining' retrieved from /opt/airflow/dags/retraining_dag.py
[2026-04-14T00:17:12.382+0000] {logging_mixin.py:188} INFO - [2026-04-14T00:17:12.382+0000] {dag.py:3089} INFO - Sync 1 DAGs
[2026-04-14T00:17:12.389+0000] {logging_mixin.py:188} INFO - [2026-04-14T00:17:12.389+0000] {dag.py:3947} INFO - Setting next_dagrun for fraud_detection_retraining to 2026-04-14 00:00:00+00:00, run_after=2026-04-15 00:00:00+00:00
[2026-04-14T00:17:12.398+0000] {processor.py:183} INFO - Processing /opt/airflow/dags/retraining_dag.py took 0.036 seconds
[2026-04-14T00:17:42.497+0000] {processor.py:161} INFO - Started process (PID=3143) to work on /opt/airflow/dags/retraining_dag.py
[2026-04-14T00:17:42.499+0000] {processor.py:830} INFO - Processing file /opt/airflow/dags/retraining_dag.py for tasks to queue
[2026-04-14T00:17:42.500+0000] {logging_mixin.py:188} INFO - [2026-04-14T00:17:42.499+0000] {dagbag.py:545} INFO - Filling up the DagBag from /opt/airflow/dags/retraining_dag.py
[2026-04-14T00:17:42.510+0000] {processor.py:840} INFO - DAG(s) 'fraud_detection_retraining' retrieved from /opt/airflow/dags/retraining_dag.py
[2026-04-14T00:17:42.535+0000] {logging_mixin.py:188} INFO - [2026-04-14T00:17:42.535+0000] {dag.py:3089} INFO - Sync 1 DAGs
[2026-04-14T00:17:42.545+0000] {logging_mixin.py:188} INFO - [2026-04-14T00:17:42.545+0000] {dag.py:3947} INFO - Setting next_dagrun for fraud_detection_retraining to 2026-04-14 00:00:00+00:00, run_after=2026-04-15 00:00:00+00:00
[2026-04-14T00:17:42.556+0000] {processor.py:183} INFO - Processing /opt/airflow/dags/retraining_dag.py took 0.068 seconds
[2026-04-14T00:18:12.749+0000] {processor.py:161} INFO - Started process (PID=3144) to work on /opt/airflow/dags/retraining_dag.py
[2026-04-14T00:18:12.750+0000] {processor.py:830} INFO - Processing file /opt/airflow/dags/retraining_dag.py for tasks to queue
[2026-04-14T00:18:12.752+0000] {logging_mixin.py:188} INFO - [2026-04-14T00:18:12.751+0000] {dagbag.py:545} INFO - Filling up the DagBag from /opt/airflow/dags/retraining_dag.py
[2026-04-14T00:18:12.760+0000] {processor.py:840} INFO - DAG(s) 'fraud_detection_retraining' retrieved from /opt/airflow/dags/retraining_dag.py
[2026-04-14T00:18:12.785+0000] {logging_mixin.py:188} INFO - [2026-04-14T00:18:12.784+0000] {dag.py:3089} INFO - Sync 1 DAGs
[2026-04-14T00:18:12.794+0000] {logging_mixin.py:188} INFO - [2026-04-14T00:18:12.794+0000] {dag.py:3947} INFO - Setting next_dagrun for fraud_detection_retraining to 2026-04-14 00:00:00+00:00, run_after=2026-04-15 00:00:00+00:00
[2026-04-14T00:18:12.805+0000] {processor.py:183} INFO - Processing /opt/airflow/dags/retraining_dag.py took 0.064 seconds
[2026-04-14T00:18:43.003+0000] {processor.py:161} INFO - Started process (PID=3145) to work on /opt/airflow/dags/retraining_dag.py
[2026-04-14T00:18:43.005+0000] {processor.py:830} INFO - Processing file /opt/airflow/dags/retraining_dag.py for tasks to queue
[2026-04-14T00:18:43.006+0000] {logging_mixin.py:188} INFO - [2026-04-14T00:18:43.005+0000] {dagbag.py:545} INFO - Filling up the DagBag from /opt/airflow/dags/retraining_dag.py
[2026-04-14T00:18:43.015+0000] {processor.py:840} INFO - DAG(s) 'fraud_detection_retraining' retrieved from /opt/airflow/dags/retraining_dag.py
[2026-04-14T00:18:43.036+0000] {logging_mixin.py:188} INFO - [2026-04-14T00:18:43.036+0000] {dag.py:3089} INFO - Sync 1 DAGs
[2026-04-14T00:18:43.044+0000] {logging_mixin.py:188} INFO - [2026-04-14T00:18:43.044+0000] {dag.py:3947} INFO - Setting next_dagrun for fraud_detection_retraining to 2026-04-14 00:00:00+00:00, run_after=2026-04-15 00:00:00+00:00
[2026-04-14T00:18:43.054+0000] {processor.py:183} INFO - Processing /opt/airflow/dags/retraining_dag.py took 0.058 seconds
[2026-04-14T00:19:13.253+0000] {processor.py:161} INFO - Started process (PID=3146) to work on /opt/airflow/dags/retraining_dag.py
[2026-04-14T00:19:13.254+0000] {processor.py:830} INFO - Processing file /opt/airflow/dags/retraining_dag.py for tasks to queue
[2026-04-14T00:19:13.255+0000] {logging_mixin.py:188} INFO - [2026-04-14T00:19:13.255+0000] {dagbag.py:545} INFO - Filling up the DagBag from /opt/airflow/dags/retraining_dag.py
[2026-04-14T00:19:13.262+0000] {processor.py:840} INFO - DAG(s) 'fraud_detection_retraining' retrieved from /opt/airflow/dags/retraining_dag.py
[2026-04-14T00:19:13.284+0000] {logging_mixin.py:188} INFO - [2026-04-14T00:19:13.284+0000] {dag.py:3089} INFO - Sync 1 DAGs
[2026-04-14T00:19:13.291+0000] {logging_mixin.py:188} INFO - [2026-04-14T00:19:13.291+0000] {dag.py:3947} INFO - Setting next_dagrun for fraud_detection_retraining to 2026-04-14 00:00:00+00:00, run_after=2026-04-15 00:00:00+00:00
[2026-04-14T00:19:13.303+0000] {processor.py:183} INFO - Processing /opt/airflow/dags/retraining_dag.py took 0.058 seconds
[2026-04-14T00:19:43.499+0000] {processor.py:161} INFO - Started process (PID=3147) to work on /opt/airflow/dags/retraining_dag.py
[2026-04-14T00:19:43.500+0000] {processor.py:830} INFO - Processing file /opt/airflow/dags/retraining_dag.py for tasks to queue
[2026-04-14T00:19:43.501+0000] {logging_mixin.py:188} INFO - [2026-04-14T00:19:43.500+0000] {dagbag.py:545} INFO - Filling up the DagBag from /opt/airflow/dags/retraining_dag.py
[2026-04-14T00:19:43.509+0000] {processor.py:840} INFO - DAG(s) 'fraud_detection_retraining' retrieved from /opt/airflow/dags/retraining_dag.py
[2026-04-14T00:19:43.527+0000] {logging_mixin.py:188} INFO - [2026-04-14T00:19:43.527+0000] {dag.py:3089} INFO - Sync 1 DAGs
[2026-04-14T00:19:43.535+0000] {logging_mixin.py:188} INFO - [2026-04-14T00:19:43.535+0000] {dag.py:3947} INFO - Setting next_dagrun for fraud_detection_retraining to 2026-04-14 00:00:00+00:00, run_after=2026-04-15 00:00:00+00:00
[2026-04-14T00:19:43.546+0000] {processor.py:183} INFO - Processing /opt/airflow/dags/retraining_dag.py took 0.055 seconds
[2026-04-14T00:20:13.739+0000] {processor.py:161} INFO - Started process (PID=3148) to work on /opt/airflow/dags/retraining_dag.py
[2026-04-14T00:20:13.740+0000] {processor.py:830} INFO - Processing file /opt/airflow/dags/retraining_dag.py for tasks to queue
[2026-04-14T00:20:13.741+0000] {logging_mixin.py:188} INFO - [2026-04-14T00:20:13.741+0000] {dagbag.py:545} INFO - Filling up the DagBag from /opt/airflow/dags/retraining_dag.py
[2026-04-14T00:20:13.750+0000] {processor.py:840} INFO - DAG(s) 'fraud_detection_retraining' retrieved from /opt/airflow/dags/retraining_dag.py
[2026-04-14T00:20:13.776+0000] {logging_mixin.py:188} INFO - [2026-04-14T00:20:13.776+0000] {dag.py:3089} INFO - Sync 1 DAGs
[2026-04-14T00:20:13.790+0000] {logging_mixin.py:188} INFO - [2026-04-14T00:20:13.790+0000] {dag.py:3947} INFO - Setting next_dagrun for fraud_detection_retraining to 2026-04-14 00:00:00+00:00, run_after=2026-04-15 00:00:00+00:00
[2026-04-14T00:20:13.803+0000] {processor.py:183} INFO - Processing /opt/airflow/dags/retraining_dag.py took 0.072 seconds
[2026-04-14T00:20:43.864+0000] {processor.py:161} INFO - Started process (PID=3149) to work on /opt/airflow/dags/retraining_dag.py
[2026-04-14T00:20:43.865+0000] {processor.py:830} INFO - Processing file /opt/airflow/dags/retraining_dag.py for tasks to queue
[2026-04-14T00:20:43.867+0000] {logging_mixin.py:188} INFO - [2026-04-14T00:20:43.866+0000] {dagbag.py:545} INFO - Filling up the DagBag from /opt/airflow/dags/retraining_dag.py
[2026-04-14T00:20:43.873+0000] {processor.py:840} INFO - DAG(s) 'fraud_detection_retraining' retrieved from /opt/airflow/dags/retraining_dag.py
[2026-04-14T00:20:43.892+0000] {logging_mixin.py:188} INFO - [2026-04-14T00:20:43.892+0000] {dag.py:3089} INFO - Sync 1 DAGs
[2026-04-14T00:20:43.901+0000] {logging_mixin.py:188} INFO - [2026-04-14T00:20:43.901+0000] {dag.py:3947} INFO - Setting next_dagrun for fraud_detection_retraining to 2026-04-14 00:00:00+00:00, run_after=2026-04-15 00:00:00+00:00
[2026-04-14T00:20:43.912+0000] {processor.py:183} INFO - Processing /opt/airflow/dags/retraining_dag.py took 0.053 seconds
[2026-04-14T00:21:14.116+0000] {processor.py:161} INFO - Started process (PID=3150) to work on /opt/airflow/dags/retraining_dag.py
[2026-04-14T00:21:14.117+0000] {processor.py:830} INFO - Processing file /opt/airflow/dags/retraining_dag.py for tasks to queue
[2026-04-14T00:21:14.118+0000] {logging_mixin.py:188} INFO - [2026-04-14T00:21:14.117+0000] {dagbag.py:545} INFO - Filling up the DagBag from /opt/airflow/dags/retraining_dag.py
[2026-04-14T00:21:14.126+0000] {processor.py:840} INFO - DAG(s) 'fraud_detection_retraining' retrieved from /opt/airflow/dags/retraining_dag.py
[2026-04-14T00:21:14.149+0000] {logging_mixin.py:188} INFO - [2026-04-14T00:21:14.148+0000] {dag.py:3089} INFO - Sync 1 DAGs
[2026-04-14T00:21:14.157+0000] {logging_mixin.py:188} INFO - [2026-04-14T00:21:14.157+0000] {dag.py:3947} INFO - Setting next_dagrun for fraud_detection_retraining to 2026-04-14 00:00:00+00:00, run_after=2026-04-15 00:00:00+00:00
[2026-04-14T00:21:14.169+0000] {processor.py:183} INFO - Processing /opt/airflow/dags/retraining_dag.py took 0.060 seconds
[2026-04-14T00:21:44.380+0000] {processor.py:161} INFO - Started process (PID=3151) to work on /opt/airflow/dags/retraining_dag.py
[2026-04-14T00:21:44.382+0000] {processor.py:830} INFO - Processing file /opt/airflow/dags/retraining_dag.py for tasks to queue
[2026-04-14T00:21:44.384+0000] {logging_mixin.py:188} INFO - [2026-04-14T00:21:44.382+0000] {dagbag.py:545} INFO - Filling up the DagBag from /opt/airflow/dags/retraining_dag.py
[2026-04-14T00:21:44.394+0000] {processor.py:840} INFO - DAG(s) 'fraud_detection_retraining' retrieved from /opt/airflow/dags/retraining_dag.py
[2026-04-14T00:21:44.421+0000] {logging_mixin.py:188} INFO - [2026-04-14T00:21:44.421+0000] {dag.py:3089} INFO - Sync 1 DAGs
[2026-04-14T00:21:44.436+0000] {logging_mixin.py:188} INFO - [2026-04-14T00:21:44.436+0000] {dag.py:3947} INFO - Setting next_dagrun for fraud_detection_retraining to 2026-04-14 00:00:00+00:00, run_after=2026-04-15 00:00:00+00:00
[2026-04-14T00:21:44.448+0000] {processor.py:183} INFO - Processing /opt/airflow/dags/retraining_dag.py took 0.087 seconds
[2026-04-14T00:22:14.574+0000] {processor.py:161} INFO - Started process (PID=3152) to work on /opt/airflow/dags/retraining_dag.py
[2026-04-14T00:22:14.575+0000] {processor.py:830} INFO - Processing file /opt/airflow/dags/retraining_dag.py for tasks to queue
[2026-04-14T00:22:14.576+0000] {logging_mixin.py:188} INFO - [2026-04-14T00:22:14.576+0000] {dagbag.py:545} INFO - Filling up the DagBag from /opt/airflow/dags/retraining_dag.py
[2026-04-14T00:22:14.585+0000] {processor.py:840} INFO - DAG(s) 'fraud_detection_retraining' retrieved from /opt/airflow/dags/retraining_dag.py
[2026-04-14T00:22:14.609+0000] {logging_mixin.py:188} INFO - [2026-04-14T00:22:14.609+0000] {dag.py:3089} INFO - Sync 1 DAGs
[2026-04-14T00:22:14.616+0000] {logging_mixin.py:188} INFO - [2026-04-14T00:22:14.616+0000] {dag.py:3947} INFO - Setting next_dagrun for fraud_detection_retraining to 2026-04-14 00:00:00+00:00, run_after=2026-04-15 00:00:00+00:00
[2026-04-14T00:22:14.626+0000] {processor.py:183} INFO - Processing /opt/airflow/dags/retraining_dag.py took 0.060 seconds
[2026-04-14T00:22:44.836+0000] {processor.py:161} INFO - Started process (PID=3153) to work on /opt/airflow/dags/retraining_dag.py
[2026-04-14T00:22:44.838+0000] {processor.py:830} INFO - Processing file /opt/airflow/dags/retraining_dag.py for tasks to queue
[2026-04-14T00:22:44.839+0000] {logging_mixin.py:188} INFO - [2026-04-14T00:22:44.838+0000] {dagbag.py:545} INFO - Filling up the DagBag from /opt/airflow/dags/retraining_dag.py
[2026-04-14T00:22:44.850+0000] {processor.py:840} INFO - DAG(s) 'fraud_detection_retraining' retrieved from /opt/airflow/dags/retraining_dag.py
[2026-04-14T00:22:44.879+0000] {logging_mixin.py:188} INFO - [2026-04-14T00:22:44.879+0000] {dag.py:3089} INFO - Sync 1 DAGs
[2026-04-14T00:22:44.889+0000] {logging_mixin.py:188} INFO - [2026-04-14T00:22:44.889+0000] {dag.py:3947} INFO - Setting next_dagrun for fraud_detection_retraining to 2026-04-14 00:00:00+00:00, run_after=2026-04-15 00:00:00+00:00
[2026-04-14T00:22:44.900+0000] {processor.py:183} INFO - Processing /opt/airflow/dags/retraining_dag.py took 0.086 seconds
[2026-04-14T00:23:15.099+0000] {processor.py:161} INFO - Started process (PID=3154) to work on /opt/airflow/dags/retraining_dag.py
[2026-04-14T00:23:15.100+0000] {processor.py:830} INFO - Processing file /opt/airflow/dags/retraining_dag.py for tasks to queue
[2026-04-14T00:23:15.101+0000] {logging_mixin.py:188} INFO - [2026-04-14T00:23:15.101+0000] {dagbag.py:545} INFO - Filling up the DagBag from /opt/airflow/dags/retraining_dag.py
[2026-04-14T00:23:15.108+0000] {processor.py:840} INFO - DAG(s) 'fraud_detection_retraining' retrieved from /opt/airflow/dags/retraining_dag.py
[2026-04-14T00:23:15.137+0000] {logging_mixin.py:188} INFO - [2026-04-14T00:23:15.137+0000] {dag.py:3089} INFO - Sync 1 DAGs
[2026-04-14T00:23:15.148+0000] {logging_mixin.py:188} INFO - [2026-04-14T00:23:15.148+0000] {dag.py:3947} INFO - Setting next_dagrun for fraud_detection_retraining to 2026-04-14 00:00:00+00:00, run_after=2026-04-15 00:00:00+00:00
[2026-04-14T00:23:15.161+0000] {processor.py:183} INFO - Processing /opt/airflow/dags/retraining_dag.py took 0.091 seconds
[2026-04-14T00:23:45.344+0000] {processor.py:161} INFO - Started process (PID=3155) to work on /opt/airflow/dags/retraining_dag.py
[2026-04-14T00:23:45.346+0000] {processor.py:830} INFO - Processing file /opt/airflow/dags/retraining_dag.py for tasks to queue
[2026-04-14T00:23:45.348+0000] {logging_mixin.py:188} INFO - [2026-04-14T00:23:45.347+0000] {dagbag.py:545} INFO - Filling up the DagBag from /opt/airflow/dags/retraining_dag.py
[2026-04-14T00:23:45.358+0000] {processor.py:840} INFO - DAG(s) 'fraud_detection_retraining' retrieved from /opt/airflow/dags/retraining_dag.py
[2026-04-14T00:23:45.387+0000] {logging_mixin.py:188} INFO - [2026-04-14T00:23:45.387+0000] {dag.py:3089} INFO - Sync 1 DAGs
[2026-04-14T00:23:45.406+0000] {logging_mixin.py:188} INFO - [2026-04-14T00:23:45.406+0000] {dag.py:3947} INFO - Setting next_dagrun for fraud_detection_retraining to 2026-04-14 00:00:00+00:00, run_after=2026-04-15 00:00:00+00:00
[2026-04-14T00:23:45.416+0000] {processor.py:183} INFO - Processing /opt/airflow/dags/retraining_dag.py took 0.086 seconds
[2026-04-14T00:24:15.591+0000] {processor.py:161} INFO - Started process (PID=3156) to work on /opt/airflow/dags/retraining_dag.py
[2026-04-14T00:24:15.592+0000] {processor.py:830} INFO - Processing file /opt/airflow/dags/retraining_dag.py for tasks to queue
[2026-04-14T00:24:15.593+0000] {logging_mixin.py:188} INFO - [2026-04-14T00:24:15.592+0000] {dagbag.py:545} INFO - Filling up the DagBag from /opt/airflow/dags/retraining_dag.py
[2026-04-14T00:24:15.599+0000] {processor.py:840} INFO - DAG(s) 'fraud_detection_retraining' retrieved from /opt/airflow/dags/retraining_dag.py
[2026-04-14T00:24:15.623+0000] {logging_mixin.py:188} INFO - [2026-04-14T00:24:15.623+0000] {dag.py:3089} INFO - Sync 1 DAGs
[2026-04-14T00:24:15.631+0000] {logging_mixin.py:188} INFO - [2026-04-14T00:24:15.631+0000] {dag.py:3947} INFO - Setting next_dagrun for fraud_detection_retraining to 2026-04-14 00:00:00+00:00, run_after=2026-04-15 00:00:00+00:00
[2026-04-14T00:24:15.642+0000] {processor.py:183} INFO - Processing /opt/airflow/dags/retraining_dag.py took 0.057 seconds
[2026-04-14T00:24:45.864+0000] {processor.py:161} INFO - Started process (PID=3157) to work on /opt/airflow/dags/retraining_dag.py
[2026-04-14T00:24:45.865+0000] {processor.py:830} INFO - Processing file /opt/airflow/dags/retraining_dag.py for tasks to queue
[2026-04-14T00:24:45.866+0000] {logging_mixin.py:188} INFO - [2026-04-14T00:24:45.866+0000] {dagbag.py:545} INFO - Filling up the DagBag from /opt/airflow/dags/retraining_dag.py
[2026-04-14T00:24:45.881+0000] {processor.py:840} INFO - DAG(s) 'fraud_detection_retraining' retrieved from /opt/airflow/dags/retraining_dag.py
[2026-04-14T00:24:45.905+0000] {logging_mixin.py:188} INFO - [2026-04-14T00:24:45.905+0000] {dag.py:3089} INFO - Sync 1 DAGs
[2026-04-14T00:24:45.914+0000] {logging_mixin.py:188} INFO - [2026-04-14T00:24:45.914+0000] {dag.py:3947} INFO - Setting next_dagrun for fraud_detection_retraining to 2026-04-14 00:00:00+00:00, run_after=2026-04-15 00:00:00+00:00
[2026-04-14T00:24:45.924+0000] {processor.py:183} INFO - Processing /opt/airflow/dags/retraining_dag.py took 0.069 seconds
[2026-04-14T00:25:16.109+0000] {processor.py:161} INFO - Started process (PID=3158) to work on /opt/airflow/dags/retraining_dag.py
[2026-04-14T00:25:16.110+0000] {processor.py:830} INFO - Processing file /opt/airflow/dags/retraining_dag.py for tasks to queue
[2026-04-14T00:25:16.111+0000] {logging_mixin.py:188} INFO - [2026-04-14T00:25:16.111+0000] {dagbag.py:545} INFO - Filling up the DagBag from /opt/airflow/dags/retraining_dag.py
[2026-04-14T00:25:16.118+0000] {processor.py:840} INFO - DAG(s) 'fraud_detection_retraining' retrieved from /opt/airflow/dags/retraining_dag.py
[2026-04-14T00:25:16.142+0000] {logging_mixin.py:188} INFO - [2026-04-14T00:25:16.142+0000] {dag.py:3089} INFO - Sync 1 DAGs
[2026-04-14T00:25:16.152+0000] {logging_mixin.py:188} INFO - [2026-04-14T00:25:16.152+0000] {dag.py:3947} INFO - Setting next_dagrun for fraud_detection_retraining to 2026-04-14 00:00:00+00:00, run_after=2026-04-15 00:00:00+00:00
[2026-04-14T00:25:16.163+0000] {processor.py:183} INFO - Processing /opt/airflow/dags/retraining_dag.py took 0.065 seconds
[2026-04-14T00:25:46.324+0000] {processor.py:161} INFO - Started process (PID=3159) to work on /opt/airflow/dags/retraining_dag.py
[2026-04-14T00:25:46.325+0000] {processor.py:830} INFO - Processing file /opt/airflow/dags/retraining_dag.py for tasks to queue
[2026-04-14T00:25:46.326+0000] {logging_mixin.py:188} INFO - [2026-04-14T00:25:46.325+0000] {dagbag.py:545} INFO - Filling up the DagBag from /opt/airflow/dags/retraining_dag.py
[2026-04-14T00:25:46.333+0000] {processor.py:840} INFO - DAG(s) 'fraud_detection_retraining' retrieved from /opt/airflow/dags/retraining_dag.py
[2026-04-14T00:25:46.355+0000] {logging_mixin.py:188} INFO - [2026-04-14T00:25:46.355+0000] {dag.py:3089} INFO - Sync 1 DAGs
[2026-04-14T00:25:46.366+0000] {logging_mixin.py:188} INFO - [2026-04-14T00:25:46.366+0000] {dag.py:3947} INFO - Setting next_dagrun for fraud_detection_retraining to 2026-04-14 00:00:00+00:00, run_after=2026-04-15 00:00:00+00:00
[2026-04-14T00:25:46.378+0000] {processor.py:183} INFO - Processing /opt/airflow/dags/retraining_dag.py took 0.059 seconds
[2026-04-14T00:26:16.576+0000] {processor.py:161} INFO - Started process (PID=3160) to work on /opt/airflow/dags/retraining_dag.py
[2026-04-14T00:26:16.577+0000] {processor.py:830} INFO - Processing file /opt/airflow/dags/retraining_dag.py for tasks to queue
[2026-04-14T00:26:16.578+0000] {logging_mixin.py:188} INFO - [2026-04-14T00:26:16.577+0000] {dagbag.py:545} INFO - Filling up the DagBag from /opt/airflow/dags/retraining_dag.py
[2026-04-14T00:26:16.586+0000] {processor.py:840} INFO - DAG(s) 'fraud_detection_retraining' retrieved from /opt/airflow/dags/retraining_dag.py
[2026-04-14T00:26:16.612+0000] {logging_mixin.py:188} INFO - [2026-04-14T00:26:16.612+0000] {dag.py:3089} INFO - Sync 1 DAGs
[2026-04-14T00:26:16.622+0000] {logging_mixin.py:188} INFO - [2026-04-14T00:26:16.622+0000] {dag.py:3947} INFO - Setting next_dagrun for fraud_detection_retraining to 2026-04-14 00:00:00+00:00, run_after=2026-04-15 00:00:00+00:00
[2026-04-14T00:26:16.634+0000] {processor.py:183} INFO - Processing /opt/airflow/dags/retraining_dag.py took 0.067 seconds
[2026-04-14T00:26:46.835+0000] {processor.py:161} INFO - Started process (PID=3161) to work on /opt/airflow/dags/retraining_dag.py
[2026-04-14T00:26:46.836+0000] {processor.py:830} INFO - Processing file /opt/airflow/dags/retraining_dag.py for tasks to queue
[2026-04-14T00:26:46.838+0000] {logging_mixin.py:188} INFO - [2026-04-14T00:26:46.837+0000] {dagbag.py:545} INFO - Filling up the DagBag from /opt/airflow/dags/retraining_dag.py
[2026-04-14T00:26:46.848+0000] {processor.py:840} INFO - DAG(s) 'fraud_detection_retraining' retrieved from /opt/airflow/dags/retraining_dag.py
[2026-04-14T00:26:46.871+0000] {logging_mixin.py:188} INFO - [2026-04-14T00:26:46.871+0000] {dag.py:3089} INFO - Sync 1 DAGs
[2026-04-14T00:26:46.880+0000] {logging_mixin.py:188} INFO - [2026-04-14T00:26:46.880+0000] {dag.py:3947} INFO - Setting next_dagrun for fraud_detection_retraining to 2026-04-14 00:00:00+00:00, run_after=2026-04-15 00:00:00+00:00
[2026-04-14T00:26:46.896+0000] {processor.py:183} INFO - Processing /opt/airflow/dags/retraining_dag.py took 0.068 seconds
[2026-04-14T00:27:17.074+0000] {processor.py:161} INFO - Started process (PID=3162) to work on /opt/airflow/dags/retraining_dag.py
[2026-04-14T00:27:17.075+0000] {processor.py:830} INFO - Processing file /opt/airflow/dags/retraining_dag.py for tasks to queue
[2026-04-14T00:27:17.076+0000] {logging_mixin.py:188} INFO - [2026-04-14T00:27:17.076+0000] {dagbag.py:545} INFO - Filling up the DagBag from /opt/airflow/dags/retraining_dag.py
[2026-04-14T00:27:17.083+0000] {processor.py:840} INFO - DAG(s) 'fraud_detection_retraining' retrieved from /opt/airflow/dags/retraining_dag.py
[2026-04-14T00:27:17.109+0000] {logging_mixin.py:188} INFO - [2026-04-14T00:27:17.109+0000] {dag.py:3089} INFO - Sync 1 DAGs
[2026-04-14T00:27:17.119+0000] {logging_mixin.py:188} INFO - [2026-04-14T00:27:17.119+0000] {dag.py:3947} INFO - Setting next_dagrun for fraud_detection_retraining to 2026-04-14 00:00:00+00:00, run_after=2026-04-15 00:00:00+00:00
[2026-04-14T00:27:17.128+0000] {processor.py:183} INFO - Processing /opt/airflow/dags/retraining_dag.py took 0.059 seconds
[2026-04-14T00:27:47.321+0000] {processor.py:161} INFO - Started process (PID=3163) to work on /opt/airflow/dags/retraining_dag.py
[2026-04-14T00:27:47.322+0000] {processor.py:830} INFO - Processing file /opt/airflow/dags/retraining_dag.py for tasks to queue
[2026-04-14T00:27:47.323+0000] {logging_mixin.py:188} INFO - [2026-04-14T00:27:47.322+0000] {dagbag.py:545} INFO - Filling up the DagBag from /opt/airflow/dags/retraining_dag.py
[2026-04-14T00:27:47.329+0000] {processor.py:840} INFO - DAG(s) 'fraud_detection_retraining' retrieved from /opt/airflow/dags/retraining_dag.py
[2026-04-14T00:27:47.350+0000] {logging_mixin.py:188} INFO - [2026-04-14T00:27:47.350+0000] {dag.py:3089} INFO - Sync 1 DAGs
[2026-04-14T00:27:47.358+0000] {logging_mixin.py:188} INFO - [2026-04-14T00:27:47.358+0000] {dag.py:3947} INFO - Setting next_dagrun for fraud_detection_retraining to 2026-04-14 00:00:00+00:00, run_after=2026-04-15 00:00:00+00:00
[2026-04-14T00:27:47.368+0000] {processor.py:183} INFO - Processing /opt/airflow/dags/retraining_dag.py took 0.053 seconds
[2026-04-14T00:28:17.570+0000] {processor.py:161} INFO - Started process (PID=3164) to work on /opt/airflow/dags/retraining_dag.py
[2026-04-14T00:28:17.572+0000] {processor.py:830} INFO - Processing file /opt/airflow/dags/retraining_dag.py for tasks to queue
[2026-04-14T00:28:17.573+0000] {logging_mixin.py:188} INFO - [2026-04-14T00:28:17.572+0000] {dagbag.py:545} INFO - Filling up the DagBag from /opt/airflow/dags/retraining_dag.py
[2026-04-14T00:28:17.582+0000] {processor.py:840} INFO - DAG(s) 'fraud_detection_retraining' retrieved from /opt/airflow/dags/retraining_dag.py
[2026-04-14T00:28:17.612+0000] {logging_mixin.py:188} INFO - [2026-04-14T00:28:17.612+0000] {dag.py:3089} INFO - Sync 1 DAGs
[2026-04-14T00:28:17.624+0000] {logging_mixin.py:188} INFO - [2026-04-14T00:28:17.624+0000] {dag.py:3947} INFO - Setting next_dagrun for fraud_detection_retraining to 2026-04-14 00:00:00+00:00, run_after=2026-04-15 00:00:00+00:00
[2026-04-14T00:28:17.636+0000] {processor.py:183} INFO - Processing /opt/airflow/dags/retraining_dag.py took 0.079 seconds
[2026-04-14T22:46:58.323+0000] {processor.py:161} INFO - Started process (PID=55) to work on /opt/airflow/dags/retraining_dag.py
[2026-04-14T22:46:58.323+0000] {processor.py:830} INFO - Processing file /opt/airflow/dags/retraining_dag.py for tasks to queue
[2026-04-14T22:46:58.324+0000] {logging_mixin.py:188} INFO - [2026-04-14T22:46:58.324+0000] {dagbag.py:545} INFO - Filling up the DagBag from /opt/airflow/dags/retraining_dag.py
[2026-04-14T22:46:58.330+0000] {processor.py:840} INFO - DAG(s) 'fraud_detection_retraining' retrieved from /opt/airflow/dags/retraining_dag.py
[2026-04-14T22:46:58.346+0000] {logging_mixin.py:188} INFO - [2026-04-14T22:46:58.346+0000] {dag.py:3089} INFO - Sync 1 DAGs
[2026-04-14T22:46:58.354+0000] {logging_mixin.py:188} INFO - [2026-04-14T22:46:58.354+0000] {dag.py:3947} INFO - Setting next_dagrun for fraud_detection_retraining to 2026-04-14 00:00:00+00:00, run_after=2026-04-15 00:00:00+00:00
[2026-04-14T22:46:58.364+0000] {processor.py:183} INFO - Processing /opt/airflow/dags/retraining_dag.py took 0.044 seconds
[2026-04-14T22:47:28.537+0000] {processor.py:161} INFO - Started process (PID=67) to work on /opt/airflow/dags/retraining_dag.py
[2026-04-14T22:47:28.538+0000] {processor.py:830} INFO - Processing file /opt/airflow/dags/retraining_dag.py for tasks to queue
[2026-04-14T22:47:28.540+0000] {logging_mixin.py:188} INFO - [2026-04-14T22:47:28.540+0000] {dagbag.py:545} INFO - Filling up the DagBag from /opt/airflow/dags/retraining_dag.py
[2026-04-14T22:47:28.549+0000] {processor.py:840} INFO - DAG(s) 'fraud_detection_retraining' retrieved from /opt/airflow/dags/retraining_dag.py
[2026-04-14T22:47:28.561+0000] {logging_mixin.py:188} INFO - [2026-04-14T22:47:28.561+0000] {dag.py:3089} INFO - Sync 1 DAGs
[2026-04-14T22:47:28.570+0000] {logging_mixin.py:188} INFO - [2026-04-14T22:47:28.569+0000] {dag.py:3947} INFO - Setting next_dagrun for fraud_detection_retraining to 2026-04-14 00:00:00+00:00, run_after=2026-04-15 00:00:00+00:00
[2026-04-14T22:47:28.581+0000] {processor.py:183} INFO - Processing /opt/airflow/dags/retraining_dag.py took 0.048 seconds
[2026-04-14T22:47:58.739+0000] {processor.py:161} INFO - Started process (PID=68) to work on /opt/airflow/dags/retraining_dag.py
[2026-04-14T22:47:58.739+0000] {processor.py:830} INFO - Processing file /opt/airflow/dags/retraining_dag.py for tasks to queue
[2026-04-14T22:47:58.740+0000] {logging_mixin.py:188} INFO - [2026-04-14T22:47:58.740+0000] {dagbag.py:545} INFO - Filling up the DagBag from /opt/airflow/dags/retraining_dag.py
[2026-04-14T22:47:58.747+0000] {processor.py:840} INFO - DAG(s) 'fraud_detection_retraining' retrieved from /opt/airflow/dags/retraining_dag.py
[2026-04-14T22:47:58.760+0000] {logging_mixin.py:188} INFO - [2026-04-14T22:47:58.760+0000] {dag.py:3089} INFO - Sync 1 DAGs
[2026-04-14T22:47:58.770+0000] {logging_mixin.py:188} INFO - [2026-04-14T22:47:58.769+0000] {dag.py:3947} INFO - Setting next_dagrun for fraud_detection_retraining to 2026-04-14 00:00:00+00:00, run_after=2026-04-15 00:00:00+00:00
[2026-04-14T22:47:58.781+0000] {processor.py:183} INFO - Processing /opt/airflow/dags/retraining_dag.py took 0.044 seconds
[2026-04-14T22:48:28.997+0000] {processor.py:161} INFO - Started process (PID=69) to work on /opt/airflow/dags/retraining_dag.py
[2026-04-14T22:48:28.999+0000] {processor.py:830} INFO - Processing file /opt/airflow/dags/retraining_dag.py for tasks to queue
[2026-04-14T22:48:29.001+0000] {logging_mixin.py:188} INFO - [2026-04-14T22:48:29.000+0000] {dagbag.py:545} INFO - Filling up the DagBag from /opt/airflow/dags/retraining_dag.py
[2026-04-14T22:48:29.014+0000] {processor.py:840} INFO - DAG(s) 'fraud_detection_retraining' retrieved from /opt/airflow/dags/retraining_dag.py
[2026-04-14T22:48:29.040+0000] {logging_mixin.py:188} INFO - [2026-04-14T22:48:29.040+0000] {dag.py:3089} INFO - Sync 1 DAGs
[2026-04-14T22:48:29.053+0000] {logging_mixin.py:188} INFO - [2026-04-14T22:48:29.053+0000] {dag.py:3947} INFO - Setting next_dagrun for fraud_detection_retraining to 2026-04-14 00:00:00+00:00, run_after=2026-04-15 00:00:00+00:00
[2026-04-14T22:48:29.067+0000] {processor.py:183} INFO - Processing /opt/airflow/dags/retraining_dag.py took 0.079 seconds
[2026-04-14T22:48:59.233+0000] {processor.py:161} INFO - Started process (PID=70) to work on /opt/airflow/dags/retraining_dag.py
[2026-04-14T22:48:59.235+0000] {processor.py:830} INFO - Processing file /opt/airflow/dags/retraining_dag.py for tasks to queue
[2026-04-14T22:48:59.238+0000] {logging_mixin.py:188} INFO - [2026-04-14T22:48:59.237+0000] {dagbag.py:545} INFO - Filling up the DagBag from /opt/airflow/dags/retraining_dag.py
[2026-04-14T22:48:59.255+0000] {processor.py:840} INFO - DAG(s) 'fraud_detection_retraining' retrieved from /opt/airflow/dags/retraining_dag.py
[2026-04-14T22:48:59.287+0000] {logging_mixin.py:188} INFO - [2026-04-14T22:48:59.287+0000] {dag.py:3089} INFO - Sync 1 DAGs
[2026-04-14T22:48:59.296+0000] {logging_mixin.py:188} INFO - [2026-04-14T22:48:59.296+0000] {dag.py:3947} INFO - Setting next_dagrun for fraud_detection_retraining to 2026-04-14 00:00:00+00:00, run_after=2026-04-15 00:00:00+00:00
[2026-04-14T22:48:59.308+0000] {processor.py:183} INFO - Processing /opt/airflow/dags/retraining_dag.py took 0.082 seconds
[2026-04-14T22:49:29.479+0000] {processor.py:161} INFO - Started process (PID=71) to work on /opt/airflow/dags/retraining_dag.py
[2026-04-14T22:49:29.481+0000] {processor.py:830} INFO - Processing file /opt/airflow/dags/retraining_dag.py for tasks to queue
[2026-04-14T22:49:29.484+0000] {logging_mixin.py:188} INFO - [2026-04-14T22:49:29.483+0000] {dagbag.py:545} INFO - Filling up the DagBag from /opt/airflow/dags/retraining_dag.py
[2026-04-14T22:49:29.500+0000] {processor.py:840} INFO - DAG(s) 'fraud_detection_retraining' retrieved from /opt/airflow/dags/retraining_dag.py
[2026-04-14T22:49:29.520+0000] {logging_mixin.py:188} INFO - [2026-04-14T22:49:29.520+0000] {dag.py:3089} INFO - Sync 1 DAGs
[2026-04-14T22:49:29.529+0000] {logging_mixin.py:188} INFO - [2026-04-14T22:49:29.529+0000] {dag.py:3947} INFO - Setting next_dagrun for fraud_detection_retraining to 2026-04-14 00:00:00+00:00, run_after=2026-04-15 00:00:00+00:00
[2026-04-14T22:49:29.538+0000] {processor.py:183} INFO - Processing /opt/airflow/dags/retraining_dag.py took 0.067 seconds
[2026-04-14T22:49:59.725+0000] {processor.py:161} INFO - Started process (PID=72) to work on /opt/airflow/dags/retraining_dag.py
[2026-04-14T22:49:59.727+0000] {processor.py:830} INFO - Processing file /opt/airflow/dags/retraining_dag.py for tasks to queue
[2026-04-14T22:49:59.729+0000] {logging_mixin.py:188} INFO - [2026-04-14T22:49:59.729+0000] {dagbag.py:545} INFO - Filling up the DagBag from /opt/airflow/dags/retraining_dag.py
[2026-04-14T22:49:59.742+0000] {processor.py:840} INFO - DAG(s) 'fraud_detection_retraining' retrieved from /opt/airflow/dags/retraining_dag.py
[2026-04-14T22:49:59.760+0000] {logging_mixin.py:188} INFO - [2026-04-14T22:49:59.760+0000] {dag.py:3089} INFO - Sync 1 DAGs
[2026-04-14T22:49:59.769+0000] {logging_mixin.py:188} INFO - [2026-04-14T22:49:59.769+0000] {dag.py:3947} INFO - Setting next_dagrun for fraud_detection_retraining to 2026-04-14 00:00:00+00:00, run_after=2026-04-15 00:00:00+00:00
[2026-04-14T22:49:59.781+0000] {processor.py:183} INFO - Processing /opt/airflow/dags/retraining_dag.py took 0.062 seconds
[2026-04-14T22:50:29.916+0000] {processor.py:161} INFO - Started process (PID=73) to work on /opt/airflow/dags/retraining_dag.py
[2026-04-14T22:50:29.918+0000] {processor.py:830} INFO - Processing file /opt/airflow/dags/retraining_dag.py for tasks to queue
[2026-04-14T22:50:29.920+0000] {logging_mixin.py:188} INFO - [2026-04-14T22:50:29.919+0000] {dagbag.py:545} INFO - Filling up the DagBag from /opt/airflow/dags/retraining_dag.py
[2026-04-14T22:50:29.932+0000] {processor.py:840} INFO - DAG(s) 'fraud_detection_retraining' retrieved from /opt/airflow/dags/retraining_dag.py
[2026-04-14T22:50:29.950+0000] {logging_mixin.py:188} INFO - [2026-04-14T22:50:29.950+0000] {dag.py:3089} INFO - Sync 1 DAGs
[2026-04-14T22:50:29.958+0000] {logging_mixin.py:188} INFO - [2026-04-14T22:50:29.958+0000] {dag.py:3947} INFO - Setting next_dagrun for fraud_detection_retraining to 2026-04-14 00:00:00+00:00, run_after=2026-04-15 00:00:00+00:00
[2026-04-14T22:50:29.968+0000] {processor.py:183} INFO - Processing /opt/airflow/dags/retraining_dag.py took 0.058 seconds
[2026-04-14T22:51:00.175+0000] {processor.py:161} INFO - Started process (PID=74) to work on /opt/airflow/dags/retraining_dag.py
[2026-04-14T22:51:00.176+0000] {processor.py:830} INFO - Processing file /opt/airflow/dags/retraining_dag.py for tasks to queue
[2026-04-14T22:51:00.179+0000] {logging_mixin.py:188} INFO - [2026-04-14T22:51:00.178+0000] {dagbag.py:545} INFO - Filling up the DagBag from /opt/airflow/dags/retraining_dag.py
[2026-04-14T22:51:00.194+0000] {processor.py:840} INFO - DAG(s) 'fraud_detection_retraining' retrieved from /opt/airflow/dags/retraining_dag.py
[2026-04-14T22:51:00.212+0000] {logging_mixin.py:188} INFO - [2026-04-14T22:51:00.212+0000] {dag.py:3089} INFO - Sync 1 DAGs
[2026-04-14T22:51:00.221+0000] {logging_mixin.py:188} INFO - [2026-04-14T22:51:00.221+0000] {dag.py:3947} INFO - Setting next_dagrun for fraud_detection_retraining to 2026-04-14 00:00:00+00:00, run_after=2026-04-15 00:00:00+00:00
[2026-04-14T22:51:00.232+0000] {processor.py:183} INFO - Processing /opt/airflow/dags/retraining_dag.py took 0.063 seconds
[2026-04-14T22:51:30.422+0000] {processor.py:161} INFO - Started process (PID=75) to work on /opt/airflow/dags/retraining_dag.py
[2026-04-14T22:51:30.423+0000] {processor.py:830} INFO - Processing file /opt/airflow/dags/retraining_dag.py for tasks to queue
[2026-04-14T22:51:30.426+0000] {logging_mixin.py:188} INFO - [2026-04-14T22:51:30.425+0000] {dagbag.py:545} INFO - Filling up the DagBag from /opt/airflow/dags/retraining_dag.py
[2026-04-14T22:51:30.438+0000] {processor.py:840} INFO - DAG(s) 'fraud_detection_retraining' retrieved from /opt/airflow/dags/retraining_dag.py
[2026-04-14T22:51:30.456+0000] {logging_mixin.py:188} INFO - [2026-04-14T22:51:30.456+0000] {dag.py:3089} INFO - Sync 1 DAGs
[2026-04-14T22:51:30.464+0000] {logging_mixin.py:188} INFO - [2026-04-14T22:51:30.464+0000] {dag.py:3947} INFO - Setting next_dagrun for fraud_detection_retraining to 2026-04-14 00:00:00+00:00, run_after=2026-04-15 00:00:00+00:00
[2026-04-14T22:51:30.474+0000] {processor.py:183} INFO - Processing /opt/airflow/dags/retraining_dag.py took 0.061 seconds
[2026-04-14T22:52:00.648+0000] {processor.py:161} INFO - Started process (PID=76) to work on /opt/airflow/dags/retraining_dag.py
[2026-04-14T22:52:00.649+0000] {processor.py:830} INFO - Processing file /opt/airflow/dags/retraining_dag.py for tasks to queue
[2026-04-14T22:52:00.652+0000] {logging_mixin.py:188} INFO - [2026-04-14T22:52:00.651+0000] {dagbag.py:545} INFO - Filling up the DagBag from /opt/airflow/dags/retraining_dag.py
[2026-04-14T22:52:00.668+0000] {processor.py:840} INFO - DAG(s) 'fraud_detection_retraining' retrieved from /opt/airflow/dags/retraining_dag.py
[2026-04-14T22:52:00.694+0000] {logging_mixin.py:188} INFO - [2026-04-14T22:52:00.694+0000] {dag.py:3089} INFO - Sync 1 DAGs
[2026-04-14T22:52:00.704+0000] {logging_mixin.py:188} INFO - [2026-04-14T22:52:00.704+0000] {dag.py:3947} INFO - Setting next_dagrun for fraud_detection_retraining to 2026-04-14 00:00:00+00:00, run_after=2026-04-15 00:00:00+00:00
[2026-04-14T22:52:00.715+0000] {processor.py:183} INFO - Processing /opt/airflow/dags/retraining_dag.py took 0.073 seconds
[2026-04-14T22:52:30.918+0000] {processor.py:161} INFO - Started process (PID=77) to work on /opt/airflow/dags/retraining_dag.py
[2026-04-14T22:52:30.919+0000] {processor.py:830} INFO - Processing file /opt/airflow/dags/retraining_dag.py for tasks to queue
[2026-04-14T22:52:30.922+0000] {logging_mixin.py:188} INFO - [2026-04-14T22:52:30.921+0000] {dagbag.py:545} INFO - Filling up the DagBag from /opt/airflow/dags/retraining_dag.py
[2026-04-14T22:52:30.942+0000] {processor.py:840} INFO - DAG(s) 'fraud_detection_retraining' retrieved from /opt/airflow/dags/retraining_dag.py
[2026-04-14T22:52:30.967+0000] {logging_mixin.py:188} INFO - [2026-04-14T22:52:30.967+0000] {dag.py:3089} INFO - Sync 1 DAGs
[2026-04-14T22:52:30.979+0000] {logging_mixin.py:188} INFO - [2026-04-14T22:52:30.979+0000] {dag.py:3947} INFO - Setting next_dagrun for fraud_detection_retraining to 2026-04-14 00:00:00+00:00, run_after=2026-04-15 00:00:00+00:00
[2026-04-14T22:52:30.991+0000] {processor.py:183} INFO - Processing /opt/airflow/dags/retraining_dag.py took 0.084 seconds
[2026-04-14T22:53:01.166+0000] {processor.py:161} INFO - Started process (PID=78) to work on /opt/airflow/dags/retraining_dag.py
[2026-04-14T22:53:01.171+0000] {processor.py:830} INFO - Processing file /opt/airflow/dags/retraining_dag.py for tasks to queue
[2026-04-14T22:53:01.175+0000] {logging_mixin.py:188} INFO - [2026-04-14T22:53:01.174+0000] {dagbag.py:545} INFO - Filling up the DagBag from /opt/airflow/dags/retraining_dag.py
[2026-04-14T22:53:01.186+0000] {processor.py:840} INFO - DAG(s) 'fraud_detection_retraining' retrieved from /opt/airflow/dags/retraining_dag.py
[2026-04-14T22:53:01.203+0000] {logging_mixin.py:188} INFO - [2026-04-14T22:53:01.203+0000] {dag.py:3089} INFO - Sync 1 DAGs
[2026-04-14T22:53:01.213+0000] {logging_mixin.py:188} INFO - [2026-04-14T22:53:01.213+0000] {dag.py:3947} INFO - Setting next_dagrun for fraud_detection_retraining to 2026-04-14 00:00:00+00:00, run_after=2026-04-15 00:00:00+00:00
[2026-04-14T22:53:01.223+0000] {processor.py:183} INFO - Processing /opt/airflow/dags/retraining_dag.py took 0.066 seconds
[2026-04-14T22:53:31.395+0000] {processor.py:161} INFO - Started process (PID=79) to work on /opt/airflow/dags/retraining_dag.py
[2026-04-14T22:53:31.396+0000] {processor.py:830} INFO - Processing file /opt/airflow/dags/retraining_dag.py for tasks to queue
[2026-04-14T22:53:31.399+0000] {logging_mixin.py:188} INFO - [2026-04-14T22:53:31.399+0000] {dagbag.py:545} INFO - Filling up the DagBag from /opt/airflow/dags/retraining_dag.py
[2026-04-14T22:53:31.411+0000] {processor.py:840} INFO - DAG(s) 'fraud_detection_retraining' retrieved from /opt/airflow/dags/retraining_dag.py
[2026-04-14T22:53:31.430+0000] {logging_mixin.py:188} INFO - [2026-04-14T22:53:31.430+0000] {dag.py:3089} INFO - Sync 1 DAGs
[2026-04-14T22:53:31.441+0000] {logging_mixin.py:188} INFO - [2026-04-14T22:53:31.441+0000] {dag.py:3947} INFO - Setting next_dagrun for fraud_detection_retraining to 2026-04-14 00:00:00+00:00, run_after=2026-04-15 00:00:00+00:00
[2026-04-14T22:53:31.451+0000] {processor.py:183} INFO - Processing /opt/airflow/dags/retraining_dag.py took 0.061 seconds
[2026-04-14T22:54:01.637+0000] {processor.py:161} INFO - Started process (PID=80) to work on /opt/airflow/dags/retraining_dag.py
[2026-04-14T22:54:01.640+0000] {processor.py:830} INFO - Processing file /opt/airflow/dags/retraining_dag.py for tasks to queue
[2026-04-14T22:54:01.643+0000] {logging_mixin.py:188} INFO - [2026-04-14T22:54:01.642+0000] {dagbag.py:545} INFO - Filling up the DagBag from /opt/airflow/dags/retraining_dag.py
[2026-04-14T22:54:01.670+0000] {processor.py:840} INFO - DAG(s) 'fraud_detection_retraining' retrieved from /opt/airflow/dags/retraining_dag.py
[2026-04-14T22:54:01.688+0000] {logging_mixin.py:188} INFO - [2026-04-14T22:54:01.688+0000] {dag.py:3089} INFO - Sync 1 DAGs
[2026-04-14T22:54:01.700+0000] {logging_mixin.py:188} INFO - [2026-04-14T22:54:01.700+0000] {dag.py:3947} INFO - Setting next_dagrun for fraud_detection_retraining to 2026-04-14 00:00:00+00:00, run_after=2026-04-15 00:00:00+00:00
[2026-04-14T22:54:01.712+0000] {processor.py:183} INFO - Processing /opt/airflow/dags/retraining_dag.py took 0.085 seconds
[2026-04-14T22:56:05.467+0000] {processor.py:161} INFO - Started process (PID=81) to work on /opt/airflow/dags/retraining_dag.py
[2026-04-14T22:56:05.469+0000] {processor.py:830} INFO - Processing file /opt/airflow/dags/retraining_dag.py for tasks to queue
[2026-04-14T22:56:05.471+0000] {logging_mixin.py:188} INFO - [2026-04-14T22:56:05.470+0000] {dagbag.py:545} INFO - Filling up the DagBag from /opt/airflow/dags/retraining_dag.py
[2026-04-14T22:56:05.480+0000] {processor.py:840} INFO - DAG(s) 'fraud_detection_retraining' retrieved from /opt/airflow/dags/retraining_dag.py
[2026-04-14T22:56:05.497+0000] {logging_mixin.py:188} INFO - [2026-04-14T22:56:05.496+0000] {dag.py:3089} INFO - Sync 1 DAGs
[2026-04-14T22:56:05.504+0000] {logging_mixin.py:188} INFO - [2026-04-14T22:56:05.504+0000] {dag.py:3947} INFO - Setting next_dagrun for fraud_detection_retraining to 2026-04-14 00:00:00+00:00, run_after=2026-04-15 00:00:00+00:00
[2026-04-14T22:56:05.528+0000] {processor.py:183} INFO - Processing /opt/airflow/dags/retraining_dag.py took 0.066 seconds
[2026-04-14T22:58:10.206+0000] {processor.py:161} INFO - Started process (PID=82) to work on /opt/airflow/dags/retraining_dag.py
[2026-04-14T22:58:10.206+0000] {processor.py:830} INFO - Processing file /opt/airflow/dags/retraining_dag.py for tasks to queue
[2026-04-14T22:58:10.208+0000] {logging_mixin.py:188} INFO - [2026-04-14T22:58:10.208+0000] {dagbag.py:545} INFO - Filling up the DagBag from /opt/airflow/dags/retraining_dag.py
[2026-04-14T22:58:10.216+0000] {processor.py:840} INFO - DAG(s) 'fraud_detection_retraining' retrieved from /opt/airflow/dags/retraining_dag.py
[2026-04-14T22:58:10.239+0000] {logging_mixin.py:188} INFO - [2026-04-14T22:58:10.239+0000] {dag.py:3089} INFO - Sync 1 DAGs
[2026-04-14T22:58:10.251+0000] {logging_mixin.py:188} INFO - [2026-04-14T22:58:10.251+0000] {dag.py:3947} INFO - Setting next_dagrun for fraud_detection_retraining to 2026-04-14 00:00:00+00:00, run_after=2026-04-15 00:00:00+00:00
[2026-04-14T22:58:10.268+0000] {processor.py:183} INFO - Processing /opt/airflow/dags/retraining_dag.py took 0.068 seconds
[2026-04-14T23:05:56.826+0000] {processor.py:161} INFO - Started process (PID=83) to work on /opt/airflow/dags/retraining_dag.py
[2026-04-14T23:05:56.826+0000] {processor.py:830} INFO - Processing file /opt/airflow/dags/retraining_dag.py for tasks to queue
[2026-04-14T23:05:56.830+0000] {logging_mixin.py:188} INFO - [2026-04-14T23:05:56.830+0000] {dagbag.py:545} INFO - Filling up the DagBag from /opt/airflow/dags/retraining_dag.py
[2026-04-14T23:05:56.849+0000] {processor.py:840} INFO - DAG(s) 'fraud_detection_retraining' retrieved from /opt/airflow/dags/retraining_dag.py
[2026-04-14T23:05:56.874+0000] {logging_mixin.py:188} INFO - [2026-04-14T23:05:56.874+0000] {dag.py:3089} INFO - Sync 1 DAGs
[2026-04-14T23:05:56.887+0000] {logging_mixin.py:188} INFO - [2026-04-14T23:05:56.887+0000] {dag.py:3947} INFO - Setting next_dagrun for fraud_detection_retraining to 2026-04-14 00:00:00+00:00, run_after=2026-04-15 00:00:00+00:00
[2026-04-14T23:05:56.898+0000] {processor.py:183} INFO - Processing /opt/airflow/dags/retraining_dag.py took 0.078 seconds
[2026-04-14T23:06:27.108+0000] {processor.py:161} INFO - Started process (PID=84) to work on /opt/airflow/dags/retraining_dag.py
[2026-04-14T23:06:27.109+0000] {processor.py:830} INFO - Processing file /opt/airflow/dags/retraining_dag.py for tasks to queue
[2026-04-14T23:06:27.111+0000] {logging_mixin.py:188} INFO - [2026-04-14T23:06:27.111+0000] {dagbag.py:545} INFO - Filling up the DagBag from /opt/airflow/dags/retraining_dag.py
[2026-04-14T23:06:27.128+0000] {processor.py:840} INFO - DAG(s) 'fraud_detection_retraining' retrieved from /opt/airflow/dags/retraining_dag.py
[2026-04-14T23:06:27.153+0000] {logging_mixin.py:188} INFO - [2026-04-14T23:06:27.153+0000] {dag.py:3089} INFO - Sync 1 DAGs
[2026-04-14T23:06:27.165+0000] {logging_mixin.py:188} INFO - [2026-04-14T23:06:27.165+0000] {dag.py:3947} INFO - Setting next_dagrun for fraud_detection_retraining to 2026-04-14 00:00:00+00:00, run_after=2026-04-15 00:00:00+00:00
[2026-04-14T23:06:27.178+0000] {processor.py:183} INFO - Processing /opt/airflow/dags/retraining_dag.py took 0.076 seconds
[2026-04-14T23:06:57.360+0000] {processor.py:161} INFO - Started process (PID=85) to work on /opt/airflow/dags/retraining_dag.py
[2026-04-14T23:06:57.362+0000] {processor.py:830} INFO - Processing file /opt/airflow/dags/retraining_dag.py for tasks to queue
[2026-04-14T23:06:57.364+0000] {logging_mixin.py:188} INFO - [2026-04-14T23:06:57.364+0000] {dagbag.py:545} INFO - Filling up the DagBag from /opt/airflow/dags/retraining_dag.py
[2026-04-14T23:06:57.393+0000] {processor.py:840} INFO - DAG(s) 'fraud_detection_retraining' retrieved from /opt/airflow/dags/retraining_dag.py
[2026-04-14T23:06:57.411+0000] {logging_mixin.py:188} INFO - [2026-04-14T23:06:57.411+0000] {dag.py:3089} INFO - Sync 1 DAGs
[2026-04-14T23:06:57.422+0000] {logging_mixin.py:188} INFO - [2026-04-14T23:06:57.422+0000] {dag.py:3947} INFO - Setting next_dagrun for fraud_detection_retraining to 2026-04-14 00:00:00+00:00, run_after=2026-04-15 00:00:00+00:00
[2026-04-14T23:06:57.432+0000] {processor.py:183} INFO - Processing /opt/airflow/dags/retraining_dag.py took 0.078 seconds
[2026-04-14T23:07:27.593+0000] {processor.py:161} INFO - Started process (PID=86) to work on /opt/airflow/dags/retraining_dag.py
[2026-04-14T23:07:27.594+0000] {processor.py:830} INFO - Processing file /opt/airflow/dags/retraining_dag.py for tasks to queue
[2026-04-14T23:07:27.597+0000] {logging_mixin.py:188} INFO - [2026-04-14T23:07:27.596+0000] {dagbag.py:545} INFO - Filling up the DagBag from /opt/airflow/dags/retraining_dag.py
[2026-04-14T23:07:27.612+0000] {processor.py:840} INFO - DAG(s) 'fraud_detection_retraining' retrieved from /opt/airflow/dags/retraining_dag.py
[2026-04-14T23:07:27.632+0000] {logging_mixin.py:188} INFO - [2026-04-14T23:07:27.632+0000] {dag.py:3089} INFO - Sync 1 DAGs
[2026-04-14T23:07:27.646+0000] {logging_mixin.py:188} INFO - [2026-04-14T23:07:27.646+0000] {dag.py:3947} INFO - Setting next_dagrun for fraud_detection_retraining to 2026-04-14 00:00:00+00:00, run_after=2026-04-15 00:00:00+00:00
[2026-04-14T23:07:27.659+0000] {processor.py:183} INFO - Processing /opt/airflow/dags/retraining_dag.py took 0.086 seconds
[2026-04-14T23:07:57.825+0000] {processor.py:161} INFO - Started process (PID=87) to work on /opt/airflow/dags/retraining_dag.py
[2026-04-14T23:07:57.826+0000] {processor.py:830} INFO - Processing file /opt/airflow/dags/retraining_dag.py for tasks to queue
[2026-04-14T23:07:57.830+0000] {logging_mixin.py:188} INFO - [2026-04-14T23:07:57.829+0000] {dagbag.py:545} INFO - Filling up the DagBag from /opt/airflow/dags/retraining_dag.py
[2026-04-14T23:07:57.847+0000] {processor.py:840} INFO - DAG(s) 'fraud_detection_retraining' retrieved from /opt/airflow/dags/retraining_dag.py
[2026-04-14T23:07:57.875+0000] {logging_mixin.py:188} INFO - [2026-04-14T23:07:57.875+0000] {dag.py:3089} INFO - Sync 1 DAGs
[2026-04-14T23:07:57.888+0000] {logging_mixin.py:188} INFO - [2026-04-14T23:07:57.888+0000] {dag.py:3947} INFO - Setting next_dagrun for fraud_detection_retraining to 2026-04-14 00:00:00+00:00, run_after=2026-04-15 00:00:00+00:00
[2026-04-14T23:07:57.903+0000] {processor.py:183} INFO - Processing /opt/airflow/dags/retraining_dag.py took 0.088 seconds
[2026-04-14T23:08:27.976+0000] {processor.py:161} INFO - Started process (PID=88) to work on /opt/airflow/dags/retraining_dag.py
[2026-04-14T23:08:27.976+0000] {processor.py:830} INFO - Processing file /opt/airflow/dags/retraining_dag.py for tasks to queue
[2026-04-14T23:08:27.977+0000] {logging_mixin.py:188} INFO - [2026-04-14T23:08:27.977+0000] {dagbag.py:545} INFO - Filling up the DagBag from /opt/airflow/dags/retraining_dag.py
[2026-04-14T23:08:27.984+0000] {processor.py:840} INFO - DAG(s) 'fraud_detection_retraining' retrieved from /opt/airflow/dags/retraining_dag.py
[2026-04-14T23:08:27.996+0000] {logging_mixin.py:188} INFO - [2026-04-14T23:08:27.996+0000] {dag.py:3089} INFO - Sync 1 DAGs
[2026-04-14T23:08:28.004+0000] {logging_mixin.py:188} INFO - [2026-04-14T23:08:28.004+0000] {dag.py:3947} INFO - Setting next_dagrun for fraud_detection_retraining to 2026-04-14 00:00:00+00:00, run_after=2026-04-15 00:00:00+00:00
[2026-04-14T23:08:28.015+0000] {processor.py:183} INFO - Processing /opt/airflow/dags/retraining_dag.py took 0.043 seconds
[2026-04-14T23:08:58.182+0000] {processor.py:161} INFO - Started process (PID=89) to work on /opt/airflow/dags/retraining_dag.py
[2026-04-14T23:08:58.182+0000] {processor.py:830} INFO - Processing file /opt/airflow/dags/retraining_dag.py for tasks to queue
[2026-04-14T23:08:58.184+0000] {logging_mixin.py:188} INFO - [2026-04-14T23:08:58.184+0000] {dagbag.py:545} INFO - Filling up the DagBag from /opt/airflow/dags/retraining_dag.py
[2026-04-14T23:08:58.199+0000] {processor.py:840} INFO - DAG(s) 'fraud_detection_retraining' retrieved from /opt/airflow/dags/retraining_dag.py
[2026-04-14T23:08:58.216+0000] {logging_mixin.py:188} INFO - [2026-04-14T23:08:58.216+0000] {dag.py:3089} INFO - Sync 1 DAGs
[2026-04-14T23:08:58.225+0000] {logging_mixin.py:188} INFO - [2026-04-14T23:08:58.224+0000] {dag.py:3947} INFO - Setting next_dagrun for fraud_detection_retraining to 2026-04-14 00:00:00+00:00, run_after=2026-04-15 00:00:00+00:00
[2026-04-14T23:08:58.234+0000] {processor.py:183} INFO - Processing /opt/airflow/dags/retraining_dag.py took 0.057 seconds
[2026-04-14T23:09:28.418+0000] {processor.py:161} INFO - Started process (PID=90) to work on /opt/airflow/dags/retraining_dag.py
[2026-04-14T23:09:28.419+0000] {processor.py:830} INFO - Processing file /opt/airflow/dags/retraining_dag.py for tasks to queue
[2026-04-14T23:09:28.421+0000] {logging_mixin.py:188} INFO - [2026-04-14T23:09:28.421+0000] {dagbag.py:545} INFO - Filling up the DagBag from /opt/airflow/dags/retraining_dag.py
[2026-04-14T23:09:28.432+0000] {processor.py:840} INFO - DAG(s) 'fraud_detection_retraining' retrieved from /opt/airflow/dags/retraining_dag.py
[2026-04-14T23:09:28.451+0000] {logging_mixin.py:188} INFO - [2026-04-14T23:09:28.451+0000] {dag.py:3089} INFO - Sync 1 DAGs
[2026-04-14T23:09:28.460+0000] {logging_mixin.py:188} INFO - [2026-04-14T23:09:28.460+0000] {dag.py:3947} INFO - Setting next_dagrun for fraud_detection_retraining to 2026-04-14 00:00:00+00:00, run_after=2026-04-15 00:00:00+00:00
[2026-04-14T23:09:28.472+0000] {processor.py:183} INFO - Processing /opt/airflow/dags/retraining_dag.py took 0.060 seconds
[2026-04-14T23:09:58.662+0000] {processor.py:161} INFO - Started process (PID=91) to work on /opt/airflow/dags/retraining_dag.py
[2026-04-14T23:09:58.663+0000] {processor.py:830} INFO - Processing file /opt/airflow/dags/retraining_dag.py for tasks to queue
[2026-04-14T23:09:58.664+0000] {logging_mixin.py:188} INFO - [2026-04-14T23:09:58.664+0000] {dagbag.py:545} INFO - Filling up the DagBag from /opt/airflow/dags/retraining_dag.py
[2026-04-14T23:09:58.675+0000] {processor.py:840} INFO - DAG(s) 'fraud_detection_retraining' retrieved from /opt/airflow/dags/retraining_dag.py
[2026-04-14T23:09:58.692+0000] {logging_mixin.py:188} INFO - [2026-04-14T23:09:58.692+0000] {dag.py:3089} INFO - Sync 1 DAGs
[2026-04-14T23:09:58.703+0000] {logging_mixin.py:188} INFO - [2026-04-14T23:09:58.703+0000] {dag.py:3947} INFO - Setting next_dagrun for fraud_detection_retraining to 2026-04-14 00:00:00+00:00, run_after=2026-04-15 00:00:00+00:00
[2026-04-14T23:09:58.714+0000] {processor.py:183} INFO - Processing /opt/airflow/dags/retraining_dag.py took 0.058 seconds
[2026-04-14T23:10:28.921+0000] {processor.py:161} INFO - Started process (PID=92) to work on /opt/airflow/dags/retraining_dag.py
[2026-04-14T23:10:28.923+0000] {processor.py:830} INFO - Processing file /opt/airflow/dags/retraining_dag.py for tasks to queue
[2026-04-14T23:10:28.926+0000] {logging_mixin.py:188} INFO - [2026-04-14T23:10:28.925+0000] {dagbag.py:545} INFO - Filling up the DagBag from /opt/airflow/dags/retraining_dag.py
[2026-04-14T23:10:28.942+0000] {processor.py:840} INFO - DAG(s) 'fraud_detection_retraining' retrieved from /opt/airflow/dags/retraining_dag.py
[2026-04-14T23:10:28.962+0000] {logging_mixin.py:188} INFO - [2026-04-14T23:10:28.962+0000] {dag.py:3089} INFO - Sync 1 DAGs
[2026-04-14T23:10:28.972+0000] {logging_mixin.py:188} INFO - [2026-04-14T23:10:28.972+0000] {dag.py:3947} INFO - Setting next_dagrun for fraud_detection_retraining to 2026-04-14 00:00:00+00:00, run_after=2026-04-15 00:00:00+00:00
[2026-04-14T23:10:28.983+0000] {processor.py:183} INFO - Processing /opt/airflow/dags/retraining_dag.py took 0.070 seconds
[2026-04-14T23:10:59.152+0000] {processor.py:161} INFO - Started process (PID=93) to work on /opt/airflow/dags/retraining_dag.py
[2026-04-14T23:10:59.153+0000] {processor.py:830} INFO - Processing file /opt/airflow/dags/retraining_dag.py for tasks to queue
[2026-04-14T23:10:59.158+0000] {logging_mixin.py:188} INFO - [2026-04-14T23:10:59.157+0000] {dagbag.py:545} INFO - Filling up the DagBag from /opt/airflow/dags/retraining_dag.py
[2026-04-14T23:10:59.167+0000] {processor.py:840} INFO - DAG(s) 'fraud_detection_retraining' retrieved from /opt/airflow/dags/retraining_dag.py
[2026-04-14T23:10:59.184+0000] {logging_mixin.py:188} INFO - [2026-04-14T23:10:59.184+0000] {dag.py:3089} INFO - Sync 1 DAGs
[2026-04-14T23:10:59.195+0000] {logging_mixin.py:188} INFO - [2026-04-14T23:10:59.195+0000] {dag.py:3947} INFO - Setting next_dagrun for fraud_detection_retraining to 2026-04-14 00:00:00+00:00, run_after=2026-04-15 00:00:00+00:00
[2026-04-14T23:10:59.207+0000] {processor.py:183} INFO - Processing /opt/airflow/dags/retraining_dag.py took 0.060 seconds
[2026-04-14T23:11:29.390+0000] {processor.py:161} INFO - Started process (PID=94) to work on /opt/airflow/dags/retraining_dag.py
[2026-04-14T23:11:29.391+0000] {processor.py:830} INFO - Processing file /opt/airflow/dags/retraining_dag.py for tasks to queue
[2026-04-14T23:11:29.393+0000] {logging_mixin.py:188} INFO - [2026-04-14T23:11:29.393+0000] {dagbag.py:545} INFO - Filling up the DagBag from /opt/airflow/dags/retraining_dag.py
[2026-04-14T23:11:29.403+0000] {processor.py:840} INFO - DAG(s) 'fraud_detection_retraining' retrieved from /opt/airflow/dags/retraining_dag.py
[2026-04-14T23:11:29.420+0000] {logging_mixin.py:188} INFO - [2026-04-14T23:11:29.420+0000] {dag.py:3089} INFO - Sync 1 DAGs
[2026-04-14T23:11:29.432+0000] {logging_mixin.py:188} INFO - [2026-04-14T23:11:29.431+0000] {dag.py:3947} INFO - Setting next_dagrun for fraud_detection_retraining to 2026-04-14 00:00:00+00:00, run_after=2026-04-15 00:00:00+00:00
[2026-04-14T23:11:29.442+0000] {processor.py:183} INFO - Processing /opt/airflow/dags/retraining_dag.py took 0.058 seconds
[2026-04-14T23:11:59.638+0000] {processor.py:161} INFO - Started process (PID=95) to work on /opt/airflow/dags/retraining_dag.py
[2026-04-14T23:11:59.639+0000] {processor.py:830} INFO - Processing file /opt/airflow/dags/retraining_dag.py for tasks to queue
[2026-04-14T23:11:59.644+0000] {logging_mixin.py:188} INFO - [2026-04-14T23:11:59.643+0000] {dagbag.py:545} INFO - Filling up the DagBag from /opt/airflow/dags/retraining_dag.py
[2026-04-14T23:11:59.663+0000] {processor.py:840} INFO - DAG(s) 'fraud_detection_retraining' retrieved from /opt/airflow/dags/retraining_dag.py
[2026-04-14T23:11:59.695+0000] {logging_mixin.py:188} INFO - [2026-04-14T23:11:59.694+0000] {dag.py:3089} INFO - Sync 1 DAGs
[2026-04-14T23:11:59.709+0000] {logging_mixin.py:188} INFO - [2026-04-14T23:11:59.709+0000] {dag.py:3947} INFO - Setting next_dagrun for fraud_detection_retraining to 2026-04-14 00:00:00+00:00, run_after=2026-04-15 00:00:00+00:00
[2026-04-14T23:11:59.722+0000] {processor.py:183} INFO - Processing /opt/airflow/dags/retraining_dag.py took 0.092 seconds
[2026-04-14T23:12:29.874+0000] {processor.py:161} INFO - Started process (PID=96) to work on /opt/airflow/dags/retraining_dag.py
[2026-04-14T23:12:29.876+0000] {processor.py:830} INFO - Processing file /opt/airflow/dags/retraining_dag.py for tasks to queue
[2026-04-14T23:12:29.878+0000] {logging_mixin.py:188} INFO - [2026-04-14T23:12:29.878+0000] {dagbag.py:545} INFO - Filling up the DagBag from /opt/airflow/dags/retraining_dag.py
[2026-04-14T23:12:29.906+0000] {processor.py:840} INFO - DAG(s) 'fraud_detection_retraining' retrieved from /opt/airflow/dags/retraining_dag.py
[2026-04-14T23:12:29.928+0000] {logging_mixin.py:188} INFO - [2026-04-14T23:12:29.928+0000] {dag.py:3089} INFO - Sync 1 DAGs
[2026-04-14T23:12:29.938+0000] {logging_mixin.py:188} INFO - [2026-04-14T23:12:29.938+0000] {dag.py:3947} INFO - Setting next_dagrun for fraud_detection_retraining to 2026-04-14 00:00:00+00:00, run_after=2026-04-15 00:00:00+00:00
[2026-04-14T23:12:29.950+0000] {processor.py:183} INFO - Processing /opt/airflow/dags/retraining_dag.py took 0.084 seconds
[2026-04-14T23:13:00.131+0000] {processor.py:161} INFO - Started process (PID=97) to work on /opt/airflow/dags/retraining_dag.py
[2026-04-14T23:13:00.134+0000] {processor.py:830} INFO - Processing file /opt/airflow/dags/retraining_dag.py for tasks to queue
[2026-04-14T23:13:00.138+0000] {logging_mixin.py:188} INFO - [2026-04-14T23:13:00.137+0000] {dagbag.py:545} INFO - Filling up the DagBag from /opt/airflow/dags/retraining_dag.py
[2026-04-14T23:13:00.152+0000] {processor.py:840} INFO - DAG(s) 'fraud_detection_retraining' retrieved from /opt/airflow/dags/retraining_dag.py
[2026-04-14T23:13:00.169+0000] {logging_mixin.py:188} INFO - [2026-04-14T23:13:00.169+0000] {dag.py:3089} INFO - Sync 1 DAGs
[2026-04-14T23:13:00.181+0000] {logging_mixin.py:188} INFO - [2026-04-14T23:13:00.181+0000] {dag.py:3947} INFO - Setting next_dagrun for fraud_detection_retraining to 2026-04-14 00:00:00+00:00, run_after=2026-04-15 00:00:00+00:00
[2026-04-14T23:13:00.192+0000] {processor.py:183} INFO - Processing /opt/airflow/dags/retraining_dag.py took 0.070 seconds
[2026-04-14T23:13:30.362+0000] {processor.py:161} INFO - Started process (PID=98) to work on /opt/airflow/dags/retraining_dag.py
[2026-04-14T23:13:30.363+0000] {processor.py:830} INFO - Processing file /opt/airflow/dags/retraining_dag.py for tasks to queue
[2026-04-14T23:13:30.365+0000] {logging_mixin.py:188} INFO - [2026-04-14T23:13:30.365+0000] {dagbag.py:545} INFO - Filling up the DagBag from /opt/airflow/dags/retraining_dag.py
[2026-04-14T23:13:30.378+0000] {processor.py:840} INFO - DAG(s) 'fraud_detection_retraining' retrieved from /opt/airflow/dags/retraining_dag.py
[2026-04-14T23:13:30.398+0000] {logging_mixin.py:188} INFO - [2026-04-14T23:13:30.398+0000] {dag.py:3089} INFO - Sync 1 DAGs
[2026-04-14T23:13:30.410+0000] {logging_mixin.py:188} INFO - [2026-04-14T23:13:30.410+0000] {dag.py:3947} INFO - Setting next_dagrun for fraud_detection_retraining to 2026-04-14 00:00:00+00:00, run_after=2026-04-15 00:00:00+00:00
[2026-04-14T23:13:30.420+0000] {processor.py:183} INFO - Processing /opt/airflow/dags/retraining_dag.py took 0.065 seconds
[2026-04-14T23:14:00.607+0000] {processor.py:161} INFO - Started process (PID=99) to work on /opt/airflow/dags/retraining_dag.py
[2026-04-14T23:14:00.609+0000] {processor.py:830} INFO - Processing file /opt/airflow/dags/retraining_dag.py for tasks to queue
[2026-04-14T23:14:00.613+0000] {logging_mixin.py:188} INFO - [2026-04-14T23:14:00.612+0000] {dagbag.py:545} INFO - Filling up the DagBag from /opt/airflow/dags/retraining_dag.py
[2026-04-14T23:14:00.631+0000] {processor.py:840} INFO - DAG(s) 'fraud_detection_retraining' retrieved from /opt/airflow/dags/retraining_dag.py
[2026-04-14T23:14:00.654+0000] {logging_mixin.py:188} INFO - [2026-04-14T23:14:00.654+0000] {dag.py:3089} INFO - Sync 1 DAGs
[2026-04-14T23:14:00.663+0000] {logging_mixin.py:188} INFO - [2026-04-14T23:14:00.663+0000] {dag.py:3947} INFO - Setting next_dagrun for fraud_detection_retraining to 2026-04-14 00:00:00+00:00, run_after=2026-04-15 00:00:00+00:00
[2026-04-14T23:14:00.674+0000] {processor.py:183} INFO - Processing /opt/airflow/dags/retraining_dag.py took 0.075 seconds
[2026-04-14T23:14:30.746+0000] {processor.py:161} INFO - Started process (PID=100) to work on /opt/airflow/dags/retraining_dag.py
[2026-04-14T23:14:30.748+0000] {processor.py:830} INFO - Processing file /opt/airflow/dags/retraining_dag.py for tasks to queue
[2026-04-14T23:14:30.750+0000] {logging_mixin.py:188} INFO - [2026-04-14T23:14:30.749+0000] {dagbag.py:545} INFO - Filling up the DagBag from /opt/airflow/dags/retraining_dag.py
[2026-04-14T23:14:30.762+0000] {processor.py:840} INFO - DAG(s) 'fraud_detection_retraining' retrieved from /opt/airflow/dags/retraining_dag.py
[2026-04-14T23:14:30.781+0000] {logging_mixin.py:188} INFO - [2026-04-14T23:14:30.781+0000] {dag.py:3089} INFO - Sync 1 DAGs
[2026-04-14T23:14:30.792+0000] {logging_mixin.py:188} INFO - [2026-04-14T23:14:30.791+0000] {dag.py:3947} INFO - Setting next_dagrun for fraud_detection_retraining to 2026-04-14 00:00:00+00:00, run_after=2026-04-15 00:00:00+00:00
[2026-04-14T23:14:30.802+0000] {processor.py:183} INFO - Processing /opt/airflow/dags/retraining_dag.py took 0.062 seconds
[2026-04-14T23:15:01.004+0000] {processor.py:161} INFO - Started process (PID=101) to work on /opt/airflow/dags/retraining_dag.py
[2026-04-14T23:15:01.007+0000] {processor.py:830} INFO - Processing file /opt/airflow/dags/retraining_dag.py for tasks to queue
[2026-04-14T23:15:01.014+0000] {logging_mixin.py:188} INFO - [2026-04-14T23:15:01.012+0000] {dagbag.py:545} INFO - Filling up the DagBag from /opt/airflow/dags/retraining_dag.py
[2026-04-14T23:15:01.032+0000] {processor.py:840} INFO - DAG(s) 'fraud_detection_retraining' retrieved from /opt/airflow/dags/retraining_dag.py
[2026-04-14T23:15:01.054+0000] {logging_mixin.py:188} INFO - [2026-04-14T23:15:01.053+0000] {dag.py:3089} INFO - Sync 1 DAGs
[2026-04-14T23:15:01.066+0000] {logging_mixin.py:188} INFO - [2026-04-14T23:15:01.066+0000] {dag.py:3947} INFO - Setting next_dagrun for fraud_detection_retraining to 2026-04-14 00:00:00+00:00, run_after=2026-04-15 00:00:00+00:00
[2026-04-14T23:15:01.076+0000] {processor.py:183} INFO - Processing /opt/airflow/dags/retraining_dag.py took 0.082 seconds
[2026-04-14T23:15:31.258+0000] {processor.py:161} INFO - Started process (PID=102) to work on /opt/airflow/dags/retraining_dag.py
[2026-04-14T23:15:31.260+0000] {processor.py:830} INFO - Processing file /opt/airflow/dags/retraining_dag.py for tasks to queue
[2026-04-14T23:15:31.264+0000] {logging_mixin.py:188} INFO - [2026-04-14T23:15:31.263+0000] {dagbag.py:545} INFO - Filling up the DagBag from /opt/airflow/dags/retraining_dag.py
[2026-04-14T23:15:31.277+0000] {processor.py:840} INFO - DAG(s) 'fraud_detection_retraining' retrieved from /opt/airflow/dags/retraining_dag.py
[2026-04-14T23:15:31.299+0000] {logging_mixin.py:188} INFO - [2026-04-14T23:15:31.299+0000] {dag.py:3089} INFO - Sync 1 DAGs
[2026-04-14T23:15:31.309+0000] {logging_mixin.py:188} INFO - [2026-04-14T23:15:31.309+0000] {dag.py:3947} INFO - Setting next_dagrun for fraud_detection_retraining to 2026-04-14 00:00:00+00:00, run_after=2026-04-15 00:00:00+00:00
[2026-04-14T23:15:31.320+0000] {processor.py:183} INFO - Processing /opt/airflow/dags/retraining_dag.py took 0.092 seconds
[2026-04-14T23:16:01.463+0000] {processor.py:161} INFO - Started process (PID=103) to work on /opt/airflow/dags/retraining_dag.py
[2026-04-14T23:16:01.464+0000] {processor.py:830} INFO - Processing file /opt/airflow/dags/retraining_dag.py for tasks to queue
[2026-04-14T23:16:01.466+0000] {logging_mixin.py:188} INFO - [2026-04-14T23:16:01.465+0000] {dagbag.py:545} INFO - Filling up the DagBag from /opt/airflow/dags/retraining_dag.py
[2026-04-14T23:16:01.475+0000] {processor.py:840} INFO - DAG(s) 'fraud_detection_retraining' retrieved from /opt/airflow/dags/retraining_dag.py
[2026-04-14T23:16:01.491+0000] {logging_mixin.py:188} INFO - [2026-04-14T23:16:01.491+0000] {dag.py:3089} INFO - Sync 1 DAGs
[2026-04-14T23:16:01.503+0000] {logging_mixin.py:188} INFO - [2026-04-14T23:16:01.503+0000] {dag.py:3947} INFO - Setting next_dagrun for fraud_detection_retraining to 2026-04-14 00:00:00+00:00, run_after=2026-04-15 00:00:00+00:00
[2026-04-14T23:16:01.514+0000] {processor.py:183} INFO - Processing /opt/airflow/dags/retraining_dag.py took 0.056 seconds
[2026-04-14T23:16:31.717+0000] {processor.py:161} INFO - Started process (PID=104) to work on /opt/airflow/dags/retraining_dag.py
[2026-04-14T23:16:31.718+0000] {processor.py:830} INFO - Processing file /opt/airflow/dags/retraining_dag.py for tasks to queue
[2026-04-14T23:16:31.722+0000] {logging_mixin.py:188} INFO - [2026-04-14T23:16:31.721+0000] {dagbag.py:545} INFO - Filling up the DagBag from /opt/airflow/dags/retraining_dag.py
[2026-04-14T23:16:31.746+0000] {processor.py:840} INFO - DAG(s) 'fraud_detection_retraining' retrieved from /opt/airflow/dags/retraining_dag.py
[2026-04-14T23:16:31.772+0000] {logging_mixin.py:188} INFO - [2026-04-14T23:16:31.772+0000] {dag.py:3089} INFO - Sync 1 DAGs
[2026-04-14T23:16:31.785+0000] {logging_mixin.py:188} INFO - [2026-04-14T23:16:31.785+0000] {dag.py:3947} INFO - Setting next_dagrun for fraud_detection_retraining to 2026-04-14 00:00:00+00:00, run_after=2026-04-15 00:00:00+00:00
[2026-04-14T23:16:31.796+0000] {processor.py:183} INFO - Processing /opt/airflow/dags/retraining_dag.py took 0.092 seconds
[2026-04-14T23:17:01.949+0000] {processor.py:161} INFO - Started process (PID=105) to work on /opt/airflow/dags/retraining_dag.py
[2026-04-14T23:17:01.951+0000] {processor.py:830} INFO - Processing file /opt/airflow/dags/retraining_dag.py for tasks to queue
[2026-04-14T23:17:01.953+0000] {logging_mixin.py:188} INFO - [2026-04-14T23:17:01.953+0000] {dagbag.py:545} INFO - Filling up the DagBag from /opt/airflow/dags/retraining_dag.py
[2026-04-14T23:17:01.965+0000] {processor.py:840} INFO - DAG(s) 'fraud_detection_retraining' retrieved from /opt/airflow/dags/retraining_dag.py
[2026-04-14T23:17:01.984+0000] {logging_mixin.py:188} INFO - [2026-04-14T23:17:01.984+0000] {dag.py:3089} INFO - Sync 1 DAGs
[2026-04-14T23:17:01.995+0000] {logging_mixin.py:188} INFO - [2026-04-14T23:17:01.995+0000] {dag.py:3947} INFO - Setting next_dagrun for fraud_detection_retraining to 2026-04-14 00:00:00+00:00, run_after=2026-04-15 00:00:00+00:00
[2026-04-14T23:17:02.008+0000] {processor.py:183} INFO - Processing /opt/airflow/dags/retraining_dag.py took 0.066 seconds
