[2026-03-25T19:24:40.873+0000] {processor.py:161} INFO - Started process (PID=29) to work on /opt/airflow/dags/retraining_dag.py
[2026-03-25T19:24:40.874+0000] {processor.py:830} INFO - Processing file /opt/airflow/dags/retraining_dag.py for tasks to queue
[2026-03-25T19:24:40.876+0000] {logging_mixin.py:188} INFO - [2026-03-25T19:24:40.875+0000] {dagbag.py:545} INFO - Filling up the DagBag from /opt/airflow/dags/retraining_dag.py
[2026-03-25T19:24:40.891+0000] {processor.py:840} INFO - DAG(s) 'fraud_detection_retraining' retrieved from /opt/airflow/dags/retraining_dag.py
[2026-03-25T19:24:41.003+0000] {logging_mixin.py:188} INFO - [2026-03-25T19:24:41.003+0000] {override.py:1858} INFO - Created Permission View: can edit on DAG:fraud_detection_retraining
[2026-03-25T19:24:41.008+0000] {logging_mixin.py:188} INFO - [2026-03-25T19:24:41.008+0000] {override.py:1858} INFO - Created Permission View: can read on DAG:fraud_detection_retraining
[2026-03-25T19:24:41.013+0000] {logging_mixin.py:188} INFO - [2026-03-25T19:24:41.013+0000] {override.py:1858} INFO - Created Permission View: can delete on DAG:fraud_detection_retraining
[2026-03-25T19:24:41.013+0000] {logging_mixin.py:188} INFO - [2026-03-25T19:24:41.013+0000] {dag.py:3089} INFO - Sync 1 DAGs
[2026-03-25T19:24:41.018+0000] {logging_mixin.py:188} INFO - [2026-03-25T19:24:41.018+0000] {dag.py:3111} INFO - Creating ORM DAG for fraud_detection_retraining
[2026-03-25T19:24:41.022+0000] {logging_mixin.py:188} INFO - [2026-03-25T19:24:41.022+0000] {dag.py:3947} INFO - Setting next_dagrun for fraud_detection_retraining to 2026-03-24 00:00:00+00:00, run_after=2026-03-25 00:00:00+00:00
[2026-03-25T19:24:41.034+0000] {processor.py:183} INFO - Processing /opt/airflow/dags/retraining_dag.py took 0.163 seconds
[2026-03-25T19:25:11.235+0000] {processor.py:161} INFO - Started process (PID=52) to work on /opt/airflow/dags/retraining_dag.py
[2026-03-25T19:25:11.236+0000] {processor.py:830} INFO - Processing file /opt/airflow/dags/retraining_dag.py for tasks to queue
[2026-03-25T19:25:11.238+0000] {logging_mixin.py:188} INFO - [2026-03-25T19:25:11.237+0000] {dagbag.py:545} INFO - Filling up the DagBag from /opt/airflow/dags/retraining_dag.py
[2026-03-25T19:25:11.247+0000] {processor.py:840} INFO - DAG(s) 'fraud_detection_retraining' retrieved from /opt/airflow/dags/retraining_dag.py
[2026-03-25T19:25:11.265+0000] {logging_mixin.py:188} INFO - [2026-03-25T19:25:11.265+0000] {dag.py:3089} INFO - Sync 1 DAGs
[2026-03-25T19:25:11.275+0000] {logging_mixin.py:188} INFO - [2026-03-25T19:25:11.275+0000] {dag.py:3947} INFO - Setting next_dagrun for fraud_detection_retraining to 2026-03-24 00:00:00+00:00, run_after=2026-03-25 00:00:00+00:00
[2026-03-25T19:25:11.285+0000] {processor.py:183} INFO - Processing /opt/airflow/dags/retraining_dag.py took 0.054 seconds
[2026-03-25T19:25:41.634+0000] {processor.py:161} INFO - Started process (PID=53) to work on /opt/airflow/dags/retraining_dag.py
[2026-03-25T19:25:41.635+0000] {processor.py:830} INFO - Processing file /opt/airflow/dags/retraining_dag.py for tasks to queue
[2026-03-25T19:25:41.638+0000] {logging_mixin.py:188} INFO - [2026-03-25T19:25:41.637+0000] {dagbag.py:545} INFO - Filling up the DagBag from /opt/airflow/dags/retraining_dag.py
[2026-03-25T19:25:41.655+0000] {processor.py:840} INFO - DAG(s) 'fraud_detection_retraining' retrieved from /opt/airflow/dags/retraining_dag.py
[2026-03-25T19:25:41.679+0000] {logging_mixin.py:188} INFO - [2026-03-25T19:25:41.679+0000] {dag.py:3089} INFO - Sync 1 DAGs
[2026-03-25T19:25:41.690+0000] {logging_mixin.py:188} INFO - [2026-03-25T19:25:41.690+0000] {dag.py:3947} INFO - Setting next_dagrun for fraud_detection_retraining to 2026-03-24 00:00:00+00:00, run_after=2026-03-25 00:00:00+00:00
[2026-03-25T19:25:41.704+0000] {processor.py:183} INFO - Processing /opt/airflow/dags/retraining_dag.py took 0.075 seconds
[2026-03-25T19:26:12.069+0000] {processor.py:161} INFO - Started process (PID=54) to work on /opt/airflow/dags/retraining_dag.py
[2026-03-25T19:26:12.070+0000] {processor.py:830} INFO - Processing file /opt/airflow/dags/retraining_dag.py for tasks to queue
[2026-03-25T19:26:12.072+0000] {logging_mixin.py:188} INFO - [2026-03-25T19:26:12.072+0000] {dagbag.py:545} INFO - Filling up the DagBag from /opt/airflow/dags/retraining_dag.py
[2026-03-25T19:26:12.082+0000] {processor.py:840} INFO - DAG(s) 'fraud_detection_retraining' retrieved from /opt/airflow/dags/retraining_dag.py
[2026-03-25T19:26:12.098+0000] {logging_mixin.py:188} INFO - [2026-03-25T19:26:12.098+0000] {dag.py:3089} INFO - Sync 1 DAGs
[2026-03-25T19:26:12.107+0000] {logging_mixin.py:188} INFO - [2026-03-25T19:26:12.107+0000] {dag.py:3947} INFO - Setting next_dagrun for fraud_detection_retraining to 2026-03-24 00:00:00+00:00, run_after=2026-03-25 00:00:00+00:00
[2026-03-25T19:26:12.119+0000] {processor.py:183} INFO - Processing /opt/airflow/dags/retraining_dag.py took 0.054 seconds
[2026-03-25T19:26:42.236+0000] {processor.py:161} INFO - Started process (PID=55) to work on /opt/airflow/dags/retraining_dag.py
[2026-03-25T19:26:42.237+0000] {processor.py:830} INFO - Processing file /opt/airflow/dags/retraining_dag.py for tasks to queue
[2026-03-25T19:26:42.239+0000] {logging_mixin.py:188} INFO - [2026-03-25T19:26:42.238+0000] {dagbag.py:545} INFO - Filling up the DagBag from /opt/airflow/dags/retraining_dag.py
[2026-03-25T19:26:42.249+0000] {processor.py:840} INFO - DAG(s) 'fraud_detection_retraining' retrieved from /opt/airflow/dags/retraining_dag.py
[2026-03-25T19:26:42.267+0000] {logging_mixin.py:188} INFO - [2026-03-25T19:26:42.267+0000] {dag.py:3089} INFO - Sync 1 DAGs
[2026-03-25T19:26:42.281+0000] {logging_mixin.py:188} INFO - [2026-03-25T19:26:42.280+0000] {dag.py:3947} INFO - Setting next_dagrun for fraud_detection_retraining to 2026-03-24 00:00:00+00:00, run_after=2026-03-25 00:00:00+00:00
[2026-03-25T19:26:42.291+0000] {processor.py:183} INFO - Processing /opt/airflow/dags/retraining_dag.py took 0.063 seconds
[2026-03-25T19:27:12.389+0000] {processor.py:161} INFO - Started process (PID=56) to work on /opt/airflow/dags/retraining_dag.py
[2026-03-25T19:27:12.391+0000] {processor.py:830} INFO - Processing file /opt/airflow/dags/retraining_dag.py for tasks to queue
[2026-03-25T19:27:12.395+0000] {logging_mixin.py:188} INFO - [2026-03-25T19:27:12.394+0000] {dagbag.py:545} INFO - Filling up the DagBag from /opt/airflow/dags/retraining_dag.py
[2026-03-25T19:27:12.413+0000] {processor.py:840} INFO - DAG(s) 'fraud_detection_retraining' retrieved from /opt/airflow/dags/retraining_dag.py
[2026-03-25T19:27:12.431+0000] {logging_mixin.py:188} INFO - [2026-03-25T19:27:12.431+0000] {dag.py:3089} INFO - Sync 1 DAGs
[2026-03-25T19:27:12.441+0000] {logging_mixin.py:188} INFO - [2026-03-25T19:27:12.441+0000] {dag.py:3947} INFO - Setting next_dagrun for fraud_detection_retraining to 2026-03-24 00:00:00+00:00, run_after=2026-03-25 00:00:00+00:00
[2026-03-25T19:27:12.451+0000] {processor.py:183} INFO - Processing /opt/airflow/dags/retraining_dag.py took 0.072 seconds
[2026-03-25T19:27:43.184+0000] {processor.py:161} INFO - Started process (PID=57) to work on /opt/airflow/dags/retraining_dag.py
[2026-03-25T19:27:43.185+0000] {processor.py:830} INFO - Processing file /opt/airflow/dags/retraining_dag.py for tasks to queue
[2026-03-25T19:27:43.187+0000] {logging_mixin.py:188} INFO - [2026-03-25T19:27:43.187+0000] {dagbag.py:545} INFO - Filling up the DagBag from /opt/airflow/dags/retraining_dag.py
[2026-03-25T19:27:43.200+0000] {processor.py:840} INFO - DAG(s) 'fraud_detection_retraining' retrieved from /opt/airflow/dags/retraining_dag.py
[2026-03-25T19:27:43.219+0000] {logging_mixin.py:188} INFO - [2026-03-25T19:27:43.219+0000] {dag.py:3089} INFO - Sync 1 DAGs
[2026-03-25T19:27:43.231+0000] {logging_mixin.py:188} INFO - [2026-03-25T19:27:43.231+0000] {dag.py:3947} INFO - Setting next_dagrun for fraud_detection_retraining to 2026-03-24 00:00:00+00:00, run_after=2026-03-25 00:00:00+00:00
[2026-03-25T19:27:43.242+0000] {processor.py:183} INFO - Processing /opt/airflow/dags/retraining_dag.py took 0.067 seconds
[2026-03-25T19:28:13.581+0000] {processor.py:161} INFO - Started process (PID=58) to work on /opt/airflow/dags/retraining_dag.py
[2026-03-25T19:28:13.583+0000] {processor.py:830} INFO - Processing file /opt/airflow/dags/retraining_dag.py for tasks to queue
[2026-03-25T19:28:13.586+0000] {logging_mixin.py:188} INFO - [2026-03-25T19:28:13.585+0000] {dagbag.py:545} INFO - Filling up the DagBag from /opt/airflow/dags/retraining_dag.py
[2026-03-25T19:28:13.600+0000] {processor.py:840} INFO - DAG(s) 'fraud_detection_retraining' retrieved from /opt/airflow/dags/retraining_dag.py
[2026-03-25T19:28:13.619+0000] {logging_mixin.py:188} INFO - [2026-03-25T19:28:13.618+0000] {dag.py:3089} INFO - Sync 1 DAGs
[2026-03-25T19:28:13.628+0000] {logging_mixin.py:188} INFO - [2026-03-25T19:28:13.628+0000] {dag.py:3947} INFO - Setting next_dagrun for fraud_detection_retraining to 2026-03-24 00:00:00+00:00, run_after=2026-03-25 00:00:00+00:00
[2026-03-25T19:28:13.638+0000] {processor.py:183} INFO - Processing /opt/airflow/dags/retraining_dag.py took 0.063 seconds
[2026-03-25T19:28:44.028+0000] {processor.py:161} INFO - Started process (PID=59) to work on /opt/airflow/dags/retraining_dag.py
[2026-03-25T19:28:44.031+0000] {processor.py:830} INFO - Processing file /opt/airflow/dags/retraining_dag.py for tasks to queue
[2026-03-25T19:28:44.033+0000] {logging_mixin.py:188} INFO - [2026-03-25T19:28:44.033+0000] {dagbag.py:545} INFO - Filling up the DagBag from /opt/airflow/dags/retraining_dag.py
[2026-03-25T19:28:44.048+0000] {processor.py:840} INFO - DAG(s) 'fraud_detection_retraining' retrieved from /opt/airflow/dags/retraining_dag.py
[2026-03-25T19:28:44.068+0000] {logging_mixin.py:188} INFO - [2026-03-25T19:28:44.068+0000] {dag.py:3089} INFO - Sync 1 DAGs
[2026-03-25T19:28:44.077+0000] {logging_mixin.py:188} INFO - [2026-03-25T19:28:44.077+0000] {dag.py:3947} INFO - Setting next_dagrun for fraud_detection_retraining to 2026-03-24 00:00:00+00:00, run_after=2026-03-25 00:00:00+00:00
[2026-03-25T19:28:44.087+0000] {processor.py:183} INFO - Processing /opt/airflow/dags/retraining_dag.py took 0.066 seconds
