[2026-04-13T21:08:49.104+0000] {local_task_job_runner.py:120} INFO - ::group::Pre task execution logs
[2026-04-13T21:08:49.112+0000] {taskinstance.py:2076} INFO - Dependencies all met for dep_context=non-requeueable deps ti=<TaskInstance: fraud_detection_retraining.engineer_features integration-1776114521 [queued]>
[2026-04-13T21:08:49.114+0000] {taskinstance.py:2076} INFO - Dependencies all met for dep_context=requeueable deps ti=<TaskInstance: fraud_detection_retraining.engineer_features integration-1776114521 [queued]>
[2026-04-13T21:08:49.114+0000] {taskinstance.py:2306} INFO - Starting attempt 1 of 3
[2026-04-13T21:08:49.120+0000] {taskinstance.py:2330} INFO - Executing <Task(PythonOperator): engineer_features> on 2026-04-13 21:08:42.011154+00:00
[2026-04-13T21:08:49.121+0000] {standard_task_runner.py:64} INFO - Started process 160 to run task
[2026-04-13T21:08:49.122+0000] {standard_task_runner.py:90} INFO - Running: ['airflow', 'tasks', 'run', 'fraud_detection_retraining', 'engineer_features', 'integration-1776114521', '--job-id', '35', '--raw', '--subdir', 'DAGS_FOLDER/retraining_dag.py', '--cfg-path', '/tmp/tmpt4slzm96']
[2026-04-13T21:08:49.123+0000] {standard_task_runner.py:91} INFO - Job 35: Subtask engineer_features
[2026-04-13T21:08:49.137+0000] {task_command.py:426} INFO - Running <TaskInstance: fraud_detection_retraining.engineer_features integration-1776114521 [running]> on host 8dc066d91b03
[2026-04-13T21:08:49.158+0000] {taskinstance.py:2648} INFO - Exporting env vars: AIRFLOW_CTX_DAG_OWNER='madhumitha' AIRFLOW_CTX_DAG_ID='fraud_detection_retraining' AIRFLOW_CTX_TASK_ID='engineer_features' AIRFLOW_CTX_EXECUTION_DATE='2026-04-13T21:08:42.011154+00:00' AIRFLOW_CTX_TRY_NUMBER='1' AIRFLOW_CTX_DAG_RUN_ID='integration-1776114521'
[2026-04-13T21:08:49.158+0000] {taskinstance.py:430} INFO - ::endgroup::
[2026-04-13T21:08:51.000+0000] {logging_mixin.py:188} INFO - Saved features to data/processed/transactions_features.parquet with shape=(284807, 45)
[2026-04-13T21:08:52.920+0000] {logging_mixin.py:188} INFO - Feast repo loaded successfully
[2026-04-13T21:09:05.261+0000] {logging_mixin.py:188} INFO - No project found in the repository. Using project name fraud_detection defined in feature_store.yaml
Applying changes for project fraud_detection
Deploying infrastructure for transaction_features
Materializing 1 feature views from 2020-01-01 00:00:00+00:00 to 2030-01-01 00:00:00+00:00 into the redis online store.

transaction_features:
[2026-04-13T21:09:05.261+0000] {logging_mixin.py:188} INFO - /opt/project/src/feature_engineering/feature_store/entities.py:3: DeprecationWarning: Entity value_type will be mandatory in the next release. Please specify a value_type for entity 'transaction_id'.
  transaction = Entity(
[2026-04-13T21:09:05.262+0000] {python.py:237} INFO - Done. Returned value was: None
[2026-04-13T21:09:05.262+0000] {taskinstance.py:441} INFO - ::group::Post task execution logs
[2026-04-13T21:09:05.265+0000] {taskinstance.py:1206} INFO - Marking task as SUCCESS. dag_id=fraud_detection_retraining, task_id=engineer_features, run_id=integration-1776114521, execution_date=20260413T210842, start_date=20260413T210849, end_date=20260413T210905
[2026-04-13T21:09:05.299+0000] {local_task_job_runner.py:243} INFO - Task exited with return code 0
[2026-04-13T21:09:05.310+0000] {taskinstance.py:3503} INFO - 1 downstream tasks scheduled from follow-on schedule check
[2026-04-13T21:09:05.312+0000] {local_task_job_runner.py:222} INFO - ::endgroup::
