[2026-04-13T23:44:25.070+0000] {local_task_job_runner.py:120} INFO - ::group::Pre task execution logs
[2026-04-13T23:44:25.079+0000] {taskinstance.py:2076} INFO - Dependencies all met for dep_context=non-requeueable deps ti=<TaskInstance: fraud_detection_retraining.engineer_features integration-1776123828 [queued]>
[2026-04-13T23:44:25.081+0000] {taskinstance.py:2076} INFO - Dependencies all met for dep_context=requeueable deps ti=<TaskInstance: fraud_detection_retraining.engineer_features integration-1776123828 [queued]>
[2026-04-13T23:44:25.081+0000] {taskinstance.py:2306} INFO - Starting attempt 1 of 3
[2026-04-13T23:44:25.086+0000] {taskinstance.py:2330} INFO - Executing <Task(PythonOperator): engineer_features> on 2026-04-13 23:43:48.203186+00:00
[2026-04-13T23:44:25.087+0000] {standard_task_runner.py:64} INFO - Started process 134 to run task
[2026-04-13T23:44:25.088+0000] {standard_task_runner.py:90} INFO - Running: ['airflow', 'tasks', 'run', 'fraud_detection_retraining', 'engineer_features', 'integration-1776123828', '--job-id', '60', '--raw', '--subdir', 'DAGS_FOLDER/retraining_dag.py', '--cfg-path', '/tmp/tmp10b3rwk7']
[2026-04-13T23:44:25.089+0000] {standard_task_runner.py:91} INFO - Job 60: Subtask engineer_features
[2026-04-13T23:44:25.102+0000] {task_command.py:426} INFO - Running <TaskInstance: fraud_detection_retraining.engineer_features integration-1776123828 [running]> on host 348a71135ada
[2026-04-13T23:44:25.121+0000] {taskinstance.py:2648} INFO - Exporting env vars: AIRFLOW_CTX_DAG_OWNER='madhumitha' AIRFLOW_CTX_DAG_ID='fraud_detection_retraining' AIRFLOW_CTX_TASK_ID='engineer_features' AIRFLOW_CTX_EXECUTION_DATE='2026-04-13T23:43:48.203186+00:00' AIRFLOW_CTX_TRY_NUMBER='1' AIRFLOW_CTX_DAG_RUN_ID='integration-1776123828'
[2026-04-13T23:44:25.121+0000] {taskinstance.py:430} INFO - ::endgroup::
[2026-04-13T23:44:27.102+0000] {logging_mixin.py:188} INFO - Saved features to data/processed/transactions_features.parquet with shape=(284807, 45)
[2026-04-13T23:44:29.109+0000] {logging_mixin.py:188} INFO - Feast repo loaded successfully
[2026-04-13T23:44:41.587+0000] {logging_mixin.py:188} INFO - No project found in the repository. Using project name fraud_detection defined in feature_store.yaml
Applying changes for project fraud_detection
Deploying infrastructure for transaction_features
Materializing 1 feature views from 2020-01-01 00:00:00+00:00 to 2030-01-01 00:00:00+00:00 into the redis online store.

transaction_features:
[2026-04-13T23:44:41.589+0000] {logging_mixin.py:188} INFO - /opt/project/src/feature_engineering/feature_store/entities.py:3: DeprecationWarning: Entity value_type will be mandatory in the next release. Please specify a value_type for entity 'transaction_id'.
  transaction = Entity(
[2026-04-13T23:44:41.589+0000] {python.py:237} INFO - Done. Returned value was: None
[2026-04-13T23:44:41.590+0000] {taskinstance.py:441} INFO - ::group::Post task execution logs
[2026-04-13T23:44:41.600+0000] {taskinstance.py:1206} INFO - Marking task as SUCCESS. dag_id=fraud_detection_retraining, task_id=engineer_features, run_id=integration-1776123828, execution_date=20260413T234348, start_date=20260413T234425, end_date=20260413T234441
[2026-04-13T23:44:41.627+0000] {local_task_job_runner.py:243} INFO - Task exited with return code 0
[2026-04-13T23:44:41.638+0000] {taskinstance.py:3503} INFO - 1 downstream tasks scheduled from follow-on schedule check
[2026-04-13T23:44:41.639+0000] {local_task_job_runner.py:222} INFO - ::endgroup::
