[2026-04-13T21:14:09.914+0000] {local_task_job_runner.py:120} INFO - ::group::Pre task execution logs
[2026-04-13T21:14:09.922+0000] {taskinstance.py:2076} INFO - Dependencies all met for dep_context=non-requeueable deps ti=<TaskInstance: fraud_detection_retraining.train_model integration-1776114521 [queued]>
[2026-04-13T21:14:09.924+0000] {taskinstance.py:2076} INFO - Dependencies all met for dep_context=requeueable deps ti=<TaskInstance: fraud_detection_retraining.train_model integration-1776114521 [queued]>
[2026-04-13T21:14:09.924+0000] {taskinstance.py:2306} INFO - Starting attempt 2 of 3
[2026-04-13T21:14:09.930+0000] {taskinstance.py:2330} INFO - Executing <Task(PythonOperator): train_model> on 2026-04-13 21:08:42.011154+00:00
[2026-04-13T21:14:09.931+0000] {standard_task_runner.py:64} INFO - Started process 323 to run task
[2026-04-13T21:14:09.932+0000] {standard_task_runner.py:90} INFO - Running: ['airflow', 'tasks', 'run', 'fraud_detection_retraining', 'train_model', 'integration-1776114521', '--job-id', '37', '--raw', '--subdir', 'DAGS_FOLDER/retraining_dag.py', '--cfg-path', '/tmp/tmpbvxopmla']
[2026-04-13T21:14:09.933+0000] {standard_task_runner.py:91} INFO - Job 37: Subtask train_model
[2026-04-13T21:14:09.948+0000] {task_command.py:426} INFO - Running <TaskInstance: fraud_detection_retraining.train_model integration-1776114521 [running]> on host 8dc066d91b03
[2026-04-13T21:14:09.970+0000] {taskinstance.py:2648} INFO - Exporting env vars: AIRFLOW_CTX_DAG_OWNER='madhumitha' AIRFLOW_CTX_DAG_ID='fraud_detection_retraining' AIRFLOW_CTX_TASK_ID='train_model' AIRFLOW_CTX_EXECUTION_DATE='2026-04-13T21:08:42.011154+00:00' AIRFLOW_CTX_TRY_NUMBER='2' AIRFLOW_CTX_DAG_RUN_ID='integration-1776114521'
[2026-04-13T21:14:09.970+0000] {taskinstance.py:430} INFO - ::endgroup::
[2026-04-13T21:14:11.445+0000] {logging_mixin.py:188} INFO - Traceback (most recent call last):
  File "<frozen runpy>", line 198, in _run_module_as_main
  File "<frozen runpy>", line 88, in _run_code
  File "/opt/project/src/training/train.py", line 19, in <module>
    from src.configs import load_yaml, settings
  File "/opt/project/src/configs/__init__.py", line 1, in <module>
    from src.configs.settings import settings
  File "/opt/project/src/configs/settings.py", line 4, in <module>
    from pydantic_settings import BaseSettings, SettingsConfigDict
ModuleNotFoundError: No module named 'pydantic_settings'
[2026-04-13T21:14:11.446+0000] {taskinstance.py:441} INFO - ::group::Post task execution logs
[2026-04-13T21:14:11.446+0000] {taskinstance.py:2905} ERROR - Task failed with exception
Traceback (most recent call last):
  File "/home/airflow/.local/lib/python3.12/site-packages/airflow/models/taskinstance.py", line 465, in _execute_task
    result = _execute_callable(context=context, **execute_callable_kwargs)
             ^^^^^^^^^^^^^^^^^^^^^^^^^^^^^^^^^^^^^^^^^^^^^^^^^^^^^^^^^^^^^
  File "/home/airflow/.local/lib/python3.12/site-packages/airflow/models/taskinstance.py", line 432, in _execute_callable
    return execute_callable(context=context, **execute_callable_kwargs)
           ^^^^^^^^^^^^^^^^^^^^^^^^^^^^^^^^^^^^^^^^^^^^^^^^^^^^^^^^^^^^
  File "/home/airflow/.local/lib/python3.12/site-packages/airflow/models/baseoperator.py", line 401, in wrapper
    return func(self, *args, **kwargs)
           ^^^^^^^^^^^^^^^^^^^^^^^^^^^
  File "/home/airflow/.local/lib/python3.12/site-packages/airflow/operators/python.py", line 235, in execute
    return_value = self.execute_callable()
                   ^^^^^^^^^^^^^^^^^^^^^^^
  File "/home/airflow/.local/lib/python3.12/site-packages/airflow/operators/python.py", line 252, in execute_callable
    return self.python_callable(*self.op_args, **self.op_kwargs)
           ^^^^^^^^^^^^^^^^^^^^^^^^^^^^^^^^^^^^^^^^^^^^^^^^^^^^^
  File "/opt/airflow/dags/retraining_dag.py", line 60, in train_model
    run_cmd([PYTHON_BIN, "-m", TRAIN_SCRIPT])
  File "/opt/airflow/dags/retraining_dag.py", line 30, in run_cmd
    raise RuntimeError(f"Command failed: {' '.join(cmd)}")
RuntimeError: Command failed: python3 -m src.training.train
[2026-04-13T21:14:11.449+0000] {taskinstance.py:1206} INFO - Marking task as UP_FOR_RETRY. dag_id=fraud_detection_retraining, task_id=train_model, run_id=integration-1776114521, execution_date=20260413T210842, start_date=20260413T211409, end_date=20260413T211411
[2026-04-13T21:14:11.455+0000] {standard_task_runner.py:110} ERROR - Failed to execute job 37 for task train_model (Command failed: python3 -m src.training.train; 323)
[2026-04-13T21:14:11.462+0000] {local_task_job_runner.py:243} INFO - Task exited with return code 1
[2026-04-13T21:14:11.470+0000] {taskinstance.py:3503} INFO - 0 downstream tasks scheduled from follow-on schedule check
[2026-04-13T21:14:11.470+0000] {local_task_job_runner.py:222} INFO - ::endgroup::
