[2026-04-13T20:46:21.643+0000] {local_task_job_runner.py:120} INFO - ::group::Pre task execution logs
[2026-04-13T20:46:21.652+0000] {taskinstance.py:2076} INFO - Dependencies all met for dep_context=non-requeueable deps ti=<TaskInstance: fraud_detection_retraining.train_model integration-1776112848 [queued]>
[2026-04-13T20:46:21.654+0000] {taskinstance.py:2076} INFO - Dependencies all met for dep_context=requeueable deps ti=<TaskInstance: fraud_detection_retraining.train_model integration-1776112848 [queued]>
[2026-04-13T20:46:21.654+0000] {taskinstance.py:2306} INFO - Starting attempt 2 of 3
[2026-04-13T20:46:21.659+0000] {taskinstance.py:2330} INFO - Executing <Task(PythonOperator): train_model> on 2026-04-13 20:40:48.461224+00:00
[2026-04-13T20:46:21.661+0000] {standard_task_runner.py:64} INFO - Started process 261 to run task
[2026-04-13T20:46:21.663+0000] {standard_task_runner.py:90} INFO - Running: ['airflow', 'tasks', 'run', 'fraud_detection_retraining', 'train_model', 'integration-1776112848', '--job-id', '31', '--raw', '--subdir', 'DAGS_FOLDER/retraining_dag.py', '--cfg-path', '/tmp/tmpkm6qnxsr']
[2026-04-13T20:46:21.663+0000] {standard_task_runner.py:91} INFO - Job 31: Subtask train_model
[2026-04-13T20:46:21.681+0000] {task_command.py:426} INFO - Running <TaskInstance: fraud_detection_retraining.train_model integration-1776112848 [running]> on host 6c264cbb7d0b
[2026-04-13T20:46:21.703+0000] {taskinstance.py:2648} INFO - Exporting env vars: AIRFLOW_CTX_DAG_OWNER='madhumitha' AIRFLOW_CTX_DAG_ID='fraud_detection_retraining' AIRFLOW_CTX_TASK_ID='train_model' AIRFLOW_CTX_EXECUTION_DATE='2026-04-13T20:40:48.461224+00:00' AIRFLOW_CTX_TRY_NUMBER='2' AIRFLOW_CTX_DAG_RUN_ID='integration-1776112848'
[2026-04-13T20:46:21.704+0000] {taskinstance.py:430} INFO - ::endgroup::
[2026-04-13T20:46:22.834+0000] {logging_mixin.py:188} INFO - Traceback (most recent call last):
  File "<frozen runpy>", line 198, in _run_module_as_main
  File "<frozen runpy>", line 88, in _run_code
  File "/opt/project/src/training/train.py", line 9, in <module>
    import structlog
ModuleNotFoundError: No module named 'structlog'
[2026-04-13T20:46:22.835+0000] {taskinstance.py:441} INFO - ::group::Post task execution logs
[2026-04-13T20:46:22.835+0000] {taskinstance.py:2905} ERROR - Task failed with exception
Traceback (most recent call last):
  File "/home/airflow/.local/lib/python3.12/site-packages/airflow/models/taskinstance.py", line 465, in _execute_task
    result = _execute_callable(context=context, **execute_callable_kwargs)
             ^^^^^^^^^^^^^^^^^^^^^^^^^^^^^^^^^^^^^^^^^^^^^^^^^^^^^^^^^^^^^
  File "/home/airflow/.local/lib/python3.12/site-packages/airflow/models/taskinstance.py", line 432, in _execute_callable
    return execute_callable(context=context, **execute_callable_kwargs)
           ^^^^^^^^^^^^^^^^^^^^^^^^^^^^^^^^^^^^^^^^^^^^^^^^^^^^^^^^^^^^
  File "/home/airflow/.local/lib/python3.12/site-packages/airflow/models/baseoperator.py", line 401, in wrapper
    return func(self, *args, **kwargs)
           ^^^^^^^^^^^^^^^^^^^^^^^^^^^
  File "/home/airflow/.local/lib/python3.12/site-packages/airflow/operators/python.py", line 235, in execute
    return_value = self.execute_callable()
                   ^^^^^^^^^^^^^^^^^^^^^^^
  File "/home/airflow/.local/lib/python3.12/site-packages/airflow/operators/python.py", line 252, in execute_callable
    return self.python_callable(*self.op_args, **self.op_kwargs)
           ^^^^^^^^^^^^^^^^^^^^^^^^^^^^^^^^^^^^^^^^^^^^^^^^^^^^^
  File "/opt/airflow/dags/retraining_dag.py", line 60, in train_model
    run_cmd([PYTHON_BIN, "-m", TRAIN_SCRIPT])
  File "/opt/airflow/dags/retraining_dag.py", line 30, in run_cmd
    raise RuntimeError(f"Command failed: {' '.join(cmd)}")
RuntimeError: Command failed: python3 -m src.training.train
[2026-04-13T20:46:22.841+0000] {taskinstance.py:1206} INFO - Marking task as UP_FOR_RETRY. dag_id=fraud_detection_retraining, task_id=train_model, run_id=integration-1776112848, execution_date=20260413T204048, start_date=20260413T204621, end_date=20260413T204622
[2026-04-13T20:46:22.852+0000] {standard_task_runner.py:110} ERROR - Failed to execute job 31 for task train_model (Command failed: python3 -m src.training.train; 261)
[2026-04-13T20:46:22.874+0000] {local_task_job_runner.py:243} INFO - Task exited with return code 1
[2026-04-13T20:46:22.881+0000] {taskinstance.py:3503} INFO - 0 downstream tasks scheduled from follow-on schedule check
[2026-04-13T20:46:22.881+0000] {local_task_job_runner.py:222} INFO - ::endgroup::
