[2026-04-13T20:35:03.992+0000] {local_task_job_runner.py:120} INFO - ::group::Pre task execution logs
[2026-04-13T20:35:04.003+0000] {taskinstance.py:2076} INFO - Dependencies all met for dep_context=non-requeueable deps ti=<TaskInstance: fraud_detection_retraining.engineer_features integration-1776111856 [queued]>
[2026-04-13T20:35:04.005+0000] {taskinstance.py:2076} INFO - Dependencies all met for dep_context=requeueable deps ti=<TaskInstance: fraud_detection_retraining.engineer_features integration-1776111856 [queued]>
[2026-04-13T20:35:04.005+0000] {taskinstance.py:2306} INFO - Starting attempt 3 of 3
[2026-04-13T20:35:04.010+0000] {taskinstance.py:2330} INFO - Executing <Task(PythonOperator): engineer_features> on 2026-04-13 20:24:16.383523+00:00
[2026-04-13T20:35:04.012+0000] {standard_task_runner.py:64} INFO - Started process 443 to run task
[2026-04-13T20:35:04.013+0000] {standard_task_runner.py:90} INFO - Running: ['airflow', 'tasks', 'run', 'fraud_detection_retraining', 'engineer_features', 'integration-1776111856', '--job-id', '26', '--raw', '--subdir', 'DAGS_FOLDER/retraining_dag.py', '--cfg-path', '/tmp/tmpce21wbi9']
[2026-04-13T20:35:04.014+0000] {standard_task_runner.py:91} INFO - Job 26: Subtask engineer_features
[2026-04-13T20:35:04.032+0000] {task_command.py:426} INFO - Running <TaskInstance: fraud_detection_retraining.engineer_features integration-1776111856 [running]> on host 6c264cbb7d0b
[2026-04-13T20:35:04.056+0000] {taskinstance.py:2648} INFO - Exporting env vars: AIRFLOW_CTX_DAG_OWNER='madhumitha' AIRFLOW_CTX_DAG_ID='fraud_detection_retraining' AIRFLOW_CTX_TASK_ID='engineer_features' AIRFLOW_CTX_EXECUTION_DATE='2026-04-13T20:24:16.383523+00:00' AIRFLOW_CTX_TRY_NUMBER='3' AIRFLOW_CTX_DAG_RUN_ID='integration-1776111856'
[2026-04-13T20:35:04.057+0000] {taskinstance.py:430} INFO - ::endgroup::
[2026-04-13T20:35:06.175+0000] {logging_mixin.py:188} INFO - Saved features to data/processed/transactions_features.parquet with shape=(284807, 45)
[2026-04-13T20:35:08.185+0000] {logging_mixin.py:188} INFO - Feast repo loaded successfully
[2026-04-13T20:35:19.706+0000] {logging_mixin.py:188} INFO - No project found in the repository. Using project name fraud_detection defined in feature_store.yaml
Applying changes for project fraud_detection
Deploying infrastructure for transaction_features
Materializing 1 feature views from 2020-01-01 00:00:00+00:00 to 2030-01-01 00:00:00+00:00 into the redis online store.

transaction_features:
[2026-04-13T20:35:19.710+0000] {logging_mixin.py:188} INFO - /opt/project/src/feature_engineering/feature_store/entities.py:3: DeprecationWarning: Entity value_type will be mandatory in the next release. Please specify a value_type for entity 'transaction_id'.
  transaction = Entity(
Traceback (most recent call last):
  File "/home/airflow/.local/lib/python3.12/site-packages/redis/connection.py", line 276, in connect
    sock = self.retry.call_with_retry(
           ^^^^^^^^^^^^^^^^^^^^^^^^^^^
  File "/home/airflow/.local/lib/python3.12/site-packages/redis/retry.py", line 46, in call_with_retry
    return do()
           ^^^^
  File "/home/airflow/.local/lib/python3.12/site-packages/redis/connection.py", line 277, in <lambda>
    lambda: self._connect(), lambda error: self.disconnect(error)
            ^^^^^^^^^^^^^^^
  File "/home/airflow/.local/lib/python3.12/site-packages/redis/connection.py", line 639, in _connect
    raise err
  File "/home/airflow/.local/lib/python3.12/site-packages/redis/connection.py", line 627, in _connect
    sock.connect(socket_address)
ConnectionRefusedError: [Errno 111] Connection refused

During handling of the above exception, another exception occurred:

Traceback (most recent call last):
  File "/home/airflow/.local/bin/feast", line 8, in <module>
    sys.exit(cli())
             ^^^^^
  File "/home/airflow/.local/lib/python3.12/site-packages/click/core.py", line 1157, in __call__
    return self.main(*args, **kwargs)
           ^^^^^^^^^^^^^^^^^^^^^^^^^^
  File "/home/airflow/.local/lib/python3.12/site-packages/click/core.py", line 1078, in main
    rv = self.invoke(ctx)
         ^^^^^^^^^^^^^^^^
  File "/home/airflow/.local/lib/python3.12/site-packages/click/core.py", line 1688, in invoke
    return _process_result(sub_ctx.command.invoke(sub_ctx))
                           ^^^^^^^^^^^^^^^^^^^^^^^^^^^^^^^
  File "/home/airflow/.local/lib/python3.12/site-packages/click/core.py", line 1434, in invoke
    return ctx.invoke(self.callback, **ctx.params)
           ^^^^^^^^^^^^^^^^^^^^^^^^^^^^^^^^^^^^^^^
  File "/home/airflow/.local/lib/python3.12/site-packages/click/core.py", line 783, in invoke
    return __callback(*args, **kwargs)
           ^^^^^^^^^^^^^^^^^^^^^^^^^^^
  File "/home/airflow/.local/lib/python3.12/site-packages/click/decorators.py", line 33, in new_func
    return f(get_current_context(), *args, **kwargs)
           ^^^^^^^^^^^^^^^^^^^^^^^^^^^^^^^^^^^^^^^^^
  File "/home/airflow/.local/lib/python3.12/site-packages/feast/cli/cli.py", line 409, in materialize_command
    store.materialize(
  File "/home/airflow/.local/lib/python3.12/site-packages/feast/feature_store.py", line 1953, in materialize
    provider.materialize_single_feature_view(
  File "/home/airflow/.local/lib/python3.12/site-packages/feast/infra/passthrough_provider.py", line 468, in materialize_single_feature_view
    raise e
  File "/home/airflow/.local/lib/python3.12/site-packages/feast/infra/compute_engines/local/compute.py", line 84, in _materialize_one
    plan.execute(context)
  File "/home/airflow/.local/lib/python3.12/site-packages/feast/infra/compute_engines/dag/plan.py", line 51, in execute
    output = node.execute(context)
             ^^^^^^^^^^^^^^^^^^^^^
  File "/home/airflow/.local/lib/python3.12/site-packages/feast/infra/compute_engines/local/nodes.py", line 381, in execute
    online_store.online_write_batch(
  File "/home/airflow/.local/lib/python3.12/site-packages/feast/infra/online_stores/redis.py", line 300, in online_write_batch
    prev_event_timestamps = pipe.execute()
                            ^^^^^^^^^^^^^^
  File "/home/airflow/.local/lib/python3.12/site-packages/redis/client.py", line 1494, in execute
    conn = self.connection_pool.get_connection("MULTI", self.shard_hint)
           ^^^^^^^^^^^^^^^^^^^^^^^^^^^^^^^^^^^^^^^^^^^^^^^^^^^^^^^^^^^^^
  File "/home/airflow/.local/lib/python3.12/site-packages/redis/connection.py", line 1109, in get_connection
    connection.connect()
  File "/home/airflow/.local/lib/python3.12/site-packages/redis/connection.py", line 282, in connect
    raise ConnectionError(self._error_message(e))
redis.exceptions.ConnectionError: Error 111 connecting to localhost:6379. Connection refused.
[2026-04-13T20:35:19.710+0000] {taskinstance.py:441} INFO - ::group::Post task execution logs
[2026-04-13T20:35:19.711+0000] {taskinstance.py:2905} ERROR - Task failed with exception
Traceback (most recent call last):
  File "/home/airflow/.local/lib/python3.12/site-packages/airflow/models/taskinstance.py", line 465, in _execute_task
    result = _execute_callable(context=context, **execute_callable_kwargs)
             ^^^^^^^^^^^^^^^^^^^^^^^^^^^^^^^^^^^^^^^^^^^^^^^^^^^^^^^^^^^^^
  File "/home/airflow/.local/lib/python3.12/site-packages/airflow/models/taskinstance.py", line 432, in _execute_callable
    return execute_callable(context=context, **execute_callable_kwargs)
           ^^^^^^^^^^^^^^^^^^^^^^^^^^^^^^^^^^^^^^^^^^^^^^^^^^^^^^^^^^^^
  File "/home/airflow/.local/lib/python3.12/site-packages/airflow/models/baseoperator.py", line 401, in wrapper
    return func(self, *args, **kwargs)
           ^^^^^^^^^^^^^^^^^^^^^^^^^^^
  File "/home/airflow/.local/lib/python3.12/site-packages/airflow/operators/python.py", line 235, in execute
    return_value = self.execute_callable()
                   ^^^^^^^^^^^^^^^^^^^^^^^
  File "/home/airflow/.local/lib/python3.12/site-packages/airflow/operators/python.py", line 252, in execute_callable
    return self.python_callable(*self.op_args, **self.op_kwargs)
           ^^^^^^^^^^^^^^^^^^^^^^^^^^^^^^^^^^^^^^^^^^^^^^^^^^^^^
  File "/opt/airflow/dags/retraining_dag.py", line 48, in engineer_features
    run_cmd(
  File "/opt/airflow/dags/retraining_dag.py", line 30, in run_cmd
    raise RuntimeError(f"Command failed: {' '.join(cmd)}")
RuntimeError: Command failed: bash -c cd src/feature_engineering/feature_store && feast apply && feast materialize 2020-01-01T00:00:00 2030-01-01T00:00:00
[2026-04-13T20:35:19.723+0000] {taskinstance.py:1206} INFO - Marking task as FAILED. dag_id=fraud_detection_retraining, task_id=engineer_features, run_id=integration-1776111856, execution_date=20260413T202416, start_date=20260413T203504, end_date=20260413T203519
[2026-04-13T20:35:19.732+0000] {standard_task_runner.py:110} ERROR - Failed to execute job 26 for task engineer_features (Command failed: bash -c cd src/feature_engineering/feature_store && feast apply && feast materialize 2020-01-01T00:00:00 2030-01-01T00:00:00; 443)
[2026-04-13T20:35:19.781+0000] {local_task_job_runner.py:243} INFO - Task exited with return code 1
[2026-04-13T20:35:19.801+0000] {taskinstance.py:3503} INFO - 0 downstream tasks scheduled from follow-on schedule check
[2026-04-13T20:35:19.804+0000] {local_task_job_runner.py:222} INFO - ::endgroup::
